 GIVE    0     1.565
 TAKE    0     2.425
 WAIT    0     8.189
 FSOL    0   634.704
 FFLU    0     0.000
 PSOL    0     0.000
 PFLU    0     0.000
 FEXT    0     0.000
 FULL    0   659.802
 TSTEP   0     4.114
 IO      0     4.971
 INIT    0     0.000
 GIVE    1     1.891
 TAKE    1     1.844
 WAIT    1    24.103
 FSOL    1   618.727
 FFLU    1     0.000
 PSOL    1     0.000
 PFLU    1     0.000
 FEXT    1     0.000
 FULL    1   659.815
 TSTEP   1     4.452
 IO      1     0.471
 INIT    1     0.000
 GIVE    2     2.690
 TAKE    2     4.773
 WAIT    2    32.741
 FSOL    2   606.629
 FFLU    2     0.000
 PSOL    2     0.000
 PFLU    2     0.000
 FEXT    2     0.000
 FULL    2   659.819
 TSTEP   2     4.186
 IO      2     0.802
 INIT    2     0.000
 GIVE    3     2.682
 TAKE    3     5.931
 WAIT    3     3.749
 FSOL    3   634.972
 FFLU    3     0.000
 PSOL    3     0.000
 PFLU    3     0.000
 FEXT    3     0.000
 FULL    3   659.823
 TSTEP   3     3.682
 IO      3     5.244
 INIT    3     0.000
 GIVE    4     2.084
 TAKE    4     3.343
 WAIT    4    37.613
 FSOL    4   603.791
 FFLU    4     0.000
 PSOL    4     0.000
 PFLU    4     0.000
 FEXT    4     0.000
 FULL    4   659.817
 TSTEP   4     4.182
 IO      4     4.785
 INIT    4     0.000
 GIVE    5     3.001
 TAKE    5     8.092
 WAIT    5    15.770
 FSOL    5   620.470
 FFLU    5     0.000
 PSOL    5     0.000
 PFLU    5     0.000
 FEXT    5     0.000
 FULL    5   659.818
 TSTEP   5     3.685
 IO      5     0.618
 INIT    5     0.000
 GIVE    6     3.318
 TAKE    6     8.454
 WAIT    6     6.543
 FSOL    6   628.789
 FFLU    6     0.000
 PSOL    6     0.000
 PFLU    6     0.000
 FEXT    6     0.000
 FULL    6   659.816
 TSTEP   6     3.937
 IO      6     3.767
 INIT    6     0.000
 GIVE    7     2.030
 TAKE    7     3.141
 WAIT    7    24.902
 FSOL    7   616.624
 FFLU    7     0.000
 PSOL    7     0.000
 PFLU    7     0.000
 FEXT    7     0.000
 FULL    7   659.821
 TSTEP   7     4.341
 IO      7     4.783
 INIT    7     0.000
 GIVE    8     3.203
 TAKE    8     7.952
 WAIT    8    17.867
 FSOL    8   617.988
 FFLU    8     0.000
 PSOL    8     0.000
 PFLU    8     0.000
 FEXT    8     0.000
 FULL    8   659.809
 TSTEP   8     4.012
 IO      8     2.090
 INIT    8     0.000
 GIVE    9     3.460
 TAKE    9     8.463
 WAIT    9     4.397
 FSOL    9   630.817
 FFLU    9     0.000
 PSOL    9     0.000
 PFLU    9     0.000
 FEXT    9     0.000
 FULL    9   659.820
 TSTEP   9     3.891
 IO      9     1.825
 INIT    9     0.000
 GIVE   10     3.368
 TAKE   10     7.920
 WAIT   10     4.585
 FSOL   10   631.251
 FFLU   10     0.000
 PSOL   10     0.000
 PFLU   10     0.000
 FEXT   10     0.000
 FULL   10   659.820
 TSTEP  10     3.947
 IO     10     1.721
 INIT   10     0.000
 GIVE   11     2.101
 TAKE   11     5.052
 WAIT   11     6.037
 FSOL   11   633.870
 FFLU   11     0.000
 PSOL   11     0.000
 PFLU   11     0.000
 FEXT   11     0.000
 FULL   11   659.801
 TSTEP  11     3.960
 IO     11     0.243
 INIT   11     0.000
 GIVE   12     2.144
 TAKE   12     3.600
 WAIT   12    41.881
 FSOL   12   598.477
 FFLU   12     0.000
 PSOL   12     0.000
 PFLU   12     0.000
 FEXT   12     0.000
 FULL   12   659.817
 TSTEP  12     4.925
 IO     12     0.492
 INIT   12     0.000
 GIVE   13     3.173
 TAKE   13     6.538
 WAIT   13     9.804
 FSOL   13   625.951
 FFLU   13     0.000
 PSOL   13     0.000
 PFLU   13     0.000
 FEXT   13     0.000
 FULL   13   659.821
 TSTEP  13     5.606
 IO     13     2.981
 INIT   13     0.000
 GIVE   14     2.291
 TAKE   14     2.386
 WAIT   14    25.874
 FSOL   14   613.956
 FFLU   14     0.000
 PSOL   14     0.000
 PFLU   14     0.000
 FEXT   14     0.000
 FULL   14   659.815
 TSTEP  14     6.532
 IO     14     4.263
 INIT   14     0.000
 GIVE   15     2.527
 TAKE   15     2.728
 WAIT   15    25.947
 FSOL   15   613.326
 FFLU   15     0.000
 PSOL   15     0.000
 PFLU   15     0.000
 FEXT   15     0.000
 FULL   15   659.821
 TSTEP  15     6.510
 IO     15     2.124
 INIT   15     0.000
 GIVE   16     2.609
 TAKE   16     4.065
 WAIT   16    31.182
 FSOL   16   608.601
 FFLU   16     0.000
 PSOL   16     0.000
 PFLU   16     0.000
 FEXT   16     0.000
 FULL   16   659.816
 TSTEP  16     4.562
 IO     16     5.156
 INIT   16     0.000
 GIVE   17     2.837
 TAKE   17     6.347
 WAIT   17    42.087
 FSOL   17   595.145
 FFLU   17     0.000
 PSOL   17     0.000
 PFLU   17     0.000
 FEXT   17     0.000
 FULL   17   659.820
 TSTEP  17     4.611
 IO     17     4.895
 INIT   17     0.000
 GIVE   18     3.211
 TAKE   18     8.474
 WAIT   18    17.940
 FSOL   18   616.979
 FFLU   18     0.000
 PSOL   18     0.000
 PFLU   18     0.000
 FEXT   18     0.000
 FULL   18   659.821
 TSTEP  18     4.461
 IO     18     1.781
 INIT   18     0.000
 GIVE   19     2.856
 TAKE   19     4.537
 WAIT   19    42.172
 FSOL   19   596.343
 FFLU   19     0.000
 PSOL   19     0.000
 PFLU   19     0.000
 FEXT   19     0.000
 FULL   19   659.816
 TSTEP  19     5.160
 IO     19     5.283
 INIT   19     0.000
 GIVE   20     2.468
 TAKE   20     7.075
 WAIT   20    33.962
 FSOL   20   602.669
 FFLU   20     0.000
 PSOL   20     0.000
 PFLU   20     0.000
 FEXT   20     0.000
 FULL   20   659.807
 TSTEP  20     4.919
 IO     20     5.340
 INIT   20     0.000
 GIVE   21     2.999
 TAKE   21     9.318
 WAIT   21    20.041
 FSOL   21   614.092
 FFLU   21     0.000
 PSOL   21     0.000
 PFLU   21     0.000
 FEXT   21     0.000
 FULL   21   659.817
 TSTEP  21     4.643
 IO     21     4.955
 INIT   21     0.000
 GIVE   22     3.109
 TAKE   22     9.270
 WAIT   22    37.457
 FSOL   22   596.537
 FFLU   22     0.000
 PSOL   22     0.000
 PFLU   22     0.000
 FEXT   22     0.000
 FULL   22   659.815
 TSTEP  22     4.717
 IO     22     4.893
 INIT   22     0.000
 GIVE   23     3.231
 TAKE   23     6.579
 WAIT   23    11.510
 FSOL   23   624.433
 FFLU   23     0.000
 PSOL   23     0.000
 PFLU   23     0.000
 FEXT   23     0.000
 FULL   23   659.817
 TSTEP  23     5.337
 IO     23     5.186
 INIT   23     0.000
 GIVE   24     9.361
 TAKE   24    10.479
 WAIT   24     8.530
 FSOL   24   616.882
 FFLU   24     0.000
 PSOL   24     0.000
 PFLU   24     0.000
 FEXT   24     0.000
 FULL   24   659.521
 TSTEP  24     5.819
 IO     24     3.635
 INIT   24     0.000
 GIVE   25     8.015
 TAKE   25    10.238
 WAIT   25    16.256
 FSOL   25   610.678
 FFLU   25     0.000
 PSOL   25     0.000
 PFLU   25     0.000
 FEXT   25     0.000
 FULL   25   659.521
 TSTEP  25     5.879
 IO     25     1.345
 INIT   25     0.000
 GIVE   26     3.120
 TAKE   26     9.950
 WAIT   26    43.529
 FSOL   26   588.413
 FFLU   26     0.000
 PSOL   26     0.000
 PFLU   26     0.000
 FEXT   26     0.000
 FULL   26   659.525
 TSTEP  26     6.068
 IO     26     4.681
 INIT   26     0.000
 GIVE   27     1.874
 TAKE   27     4.234
 WAIT   27    18.095
 FSOL   27   619.566
 FFLU   27     0.000
 PSOL   27     0.000
 PFLU   27     0.000
 FEXT   27     0.000
 FULL   27   659.519
 TSTEP  27     7.300
 IO     27     2.672
 INIT   27     0.000
 GIVE   28     2.101
 TAKE   28     1.986
 WAIT   28    46.724
 FSOL   28   591.571
 FFLU   28     0.000
 PSOL   28     0.000
 PFLU   28     0.000
 FEXT   28     0.000
 FULL   28   659.524
 TSTEP  28     8.631
 IO     28     1.229
 INIT   28     0.000
 GIVE   29     3.117
 TAKE   29     8.317
 WAIT   29    15.597
 FSOL   29   616.897
 FFLU   29     0.000
 PSOL   29     0.000
 PFLU   29     0.000
 FEXT   29     0.000
 FULL   29   659.523
 TSTEP  29     7.142
 IO     29     3.981
 INIT   29     0.000
 GIVE   30     2.232
 TAKE   30     2.086
 WAIT   30    39.730
 FSOL   30   598.137
 FFLU   30     0.000
 PSOL   30     0.000
 PFLU   30     0.000
 FEXT   30     0.000
 FULL   30   659.525
 TSTEP  30     8.850
 IO     30     5.037
 INIT   30     0.000
 GIVE   31     2.140
 TAKE   31     2.762
 WAIT   31    37.071
 FSOL   31   600.210
 FFLU   31     0.000
 PSOL   31     0.000
 PFLU   31     0.000
 FEXT   31     0.000
 FULL   31   659.520
 TSTEP  31     8.849
 IO     31     3.857
 INIT   31     0.000
 GIVE   32     3.580
 TAKE   32     5.927
 WAIT   32    27.521
 FSOL   32   605.685
 FFLU   32     0.000
 PSOL   32     0.000
 PFLU   32     0.000
 FEXT   32     0.000
 FULL   32   659.524
 TSTEP  32     8.356
 IO     32     5.360
 INIT   32     0.000
 GIVE   33     2.335
 TAKE   33     3.419
 WAIT   33    34.615
 FSOL   33   603.509
 FFLU   33     0.000
 PSOL   33     0.000
 PFLU   33     0.000
 FEXT   33     0.000
 FULL   33   659.519
 TSTEP  33     7.183
 IO     33     2.033
 INIT   33     0.000
 GIVE   34     2.973
 TAKE   34     6.308
 WAIT   34    23.808
 FSOL   34   612.168
 FFLU   34     0.000
 PSOL   34     0.000
 PFLU   34     0.000
 FEXT   34     0.000
 FULL   34   659.521
 TSTEP  34     5.777
 IO     34     4.227
 INIT   34     0.000
 GIVE   35     2.931
 TAKE   35     8.608
 WAIT   35    40.503
 FSOL   35   593.212
 FFLU   35     0.000
 PSOL   35     0.000
 PFLU   35     0.000
 FEXT   35     0.000
 FULL   35   659.520
 TSTEP  35     5.814
 IO     35     5.221
 INIT   35     0.000
 GIVE   36     2.450
 TAKE   36     2.370
 WAIT   36    40.535
 FSOL   36   597.960
 FFLU   36     0.000
 PSOL   36     0.000
 PFLU   36     0.000
 FEXT   36     0.000
 FULL   36   659.521
 TSTEP  36     7.702
 IO     36     4.049
 INIT   36     0.000
 GIVE   37     2.997
 TAKE   37     2.761
 WAIT   37    40.634
 FSOL   37   596.600
 FFLU   37     0.000
 PSOL   37     0.000
 PFLU   37     0.000
 FEXT   37     0.000
 FULL   37   659.522
 TSTEP  37     8.066
 IO     37     5.341
 INIT   37     0.000
 GIVE   38     3.066
 TAKE   38     9.062
 WAIT   38    30.145
 FSOL   38   603.429
 FFLU   38     0.000
 PSOL   38     0.000
 PFLU   38     0.000
 FEXT   38     0.000
 FULL   38   659.520
 TSTEP  38     5.372
 IO     38     1.692
 INIT   38     0.000
 GIVE   39     2.006
 TAKE   39     4.137
 WAIT   39    33.127
 FSOL   39   606.279
 FFLU   39     0.000
 PSOL   39     0.000
 PFLU   39     0.000
 FEXT   39     0.000
 FULL   39   659.521
 TSTEP  39     5.497
 IO     39     4.923
 INIT   39     0.000
 GIVE   40     4.015
 TAKE   40     7.948
 WAIT   40    16.415
 FSOL   40   617.000
 FFLU   40     0.000
 PSOL   40     0.000
 PFLU   40     0.000
 FEXT   40     0.000
 FULL   40   659.523
 TSTEP  40     5.704
 IO     40     0.458
 INIT   40     0.000
 GIVE   41     3.329
 TAKE   41     7.363
 WAIT   41    19.097
 FSOL   41   615.208
 FFLU   41     0.000
 PSOL   41     0.000
 PFLU   41     0.000
 FEXT   41     0.000
 FULL   41   659.520
 TSTEP  41     6.094
 IO     41     3.745
 INIT   41     0.000
 GIVE   42     3.405
 TAKE   42     9.598
 WAIT   42    28.706
 FSOL   42   603.632
 FFLU   42     0.000
 PSOL   42     0.000
 PFLU   42     0.000
 FEXT   42     0.000
 FULL   42   659.519
 TSTEP  42     5.739
 IO     42     5.346
 INIT   42     0.000
 GIVE   43     3.554
 TAKE   43     6.372
 WAIT   43    13.287
 FSOL   43   621.518
 FFLU   43     0.000
 PSOL   43     0.000
 PFLU   43     0.000
 FEXT   43     0.000
 FULL   43   659.523
 TSTEP  43     6.341
 IO     43     0.704
 INIT   43     0.000
 GIVE   44     2.967
 TAKE   44     5.153
 WAIT   44    18.802
 FSOL   44   616.800
 FFLU   44     0.000
 PSOL   44     0.000
 PFLU   44     0.000
 FEXT   44     0.000
 FULL   44   659.523
 TSTEP  44     7.337
 IO     44     3.486
 INIT   44     0.000
 GIVE   45     2.810
 TAKE   45     6.329
 WAIT   45    32.130
 FSOL   45   603.258
 FFLU   45     0.000
 PSOL   45     0.000
 PFLU   45     0.000
 FEXT   45     0.000
 FULL   45   659.519
 TSTEP  45     6.530
 IO     45     4.672
 INIT   45     0.000
 GIVE   46     5.667
 TAKE   46     9.951
 WAIT   46     8.267
 FSOL   46   620.975
 FFLU   46     0.000
 PSOL   46     0.000
 PFLU   46     0.000
 FEXT   46     0.000
 FULL   46   659.523
 TSTEP  46     6.202
 IO     46     2.657
 INIT   46     0.000
 GIVE   47     2.752
 TAKE   47     3.333
 WAIT   47    41.427
 FSOL   47   596.199
 FFLU   47     0.000
 PSOL   47     0.000
 PFLU   47     0.000
 FEXT   47     0.000
 FULL   47   659.522
 TSTEP  47     7.360
 IO     47     1.979
 INIT   47     0.000
 GIVE   48     3.714
 TAKE   48     8.737
 WAIT   48    31.779
 FSOL   48   600.917
 FFLU   48     0.000
 PSOL   48     0.000
 PFLU   48     0.000
 FEXT   48     0.000
 FULL   48   659.471
 TSTEP  48     5.936
 IO     48     6.702
 INIT   48     0.000
 GIVE   49     2.788
 TAKE   49     6.663
 WAIT   49    37.787
 FSOL   49   598.087
 FFLU   49     0.000
 PSOL   49     0.000
 PFLU   49     0.000
 FEXT   49     0.000
 FULL   49   659.472
 TSTEP  49     5.761
 IO     49     3.656
 INIT   49     0.000
 GIVE   50     5.646
 TAKE   50     9.521
 WAIT   50    13.018
 FSOL   50   617.644
 FFLU   50     0.000
 PSOL   50     0.000
 PFLU   50     0.000
 FEXT   50     0.000
 FULL   50   659.463
 TSTEP  50     5.256
 IO     50     6.700
 INIT   50     0.000
 GIVE   51     2.940
 TAKE   51     6.518
 WAIT   51    35.124
 FSOL   51   600.881
 FFLU   51     0.000
 PSOL   51     0.000
 PFLU   51     0.000
 FEXT   51     0.000
 FULL   51   659.472
 TSTEP  51     5.613
 IO     51     6.704
 INIT   51     0.000
 GIVE   52     2.792
 TAKE   52     8.491
 WAIT   52    31.768
 FSOL   52   602.420
 FFLU   52     0.000
 PSOL   52     0.000
 PFLU   52     0.000
 FEXT   52     0.000
 FULL   52   659.468
 TSTEP  52     5.616
 IO     52     5.088
 INIT   52     0.000
 GIVE   53     3.506
 TAKE   53    10.409
 WAIT   53    31.805
 FSOL   53   599.702
 FFLU   53     0.000
 PSOL   53     0.000
 PFLU   53     0.000
 FEXT   53     0.000
 FULL   53   659.470
 TSTEP  53     5.667
 IO     53     6.700
 INIT   53     0.000
 GIVE   54     2.887
 TAKE   54     6.105
 WAIT   54    22.496
 FSOL   54   613.171
 FFLU   54     0.000
 PSOL   54     0.000
 PFLU   54     0.000
 FEXT   54     0.000
 FULL   54   659.470
 TSTEP  54     6.407
 IO     54     5.391
 INIT   54     0.000
 GIVE   55     3.263
 TAKE   55     3.341
 WAIT   55    15.576
 FSOL   55   620.770
 FFLU   55     0.000
 PSOL   55     0.000
 PFLU   55     0.000
 FEXT   55     0.000
 FULL   55   659.472
 TSTEP  55     8.075
 IO     55     3.459
 INIT   55     0.000
 GIVE   56     2.040
 TAKE   56     2.099
 WAIT   56    40.132
 FSOL   56   599.590
 FFLU   56     0.000
 PSOL   56     0.000
 PFLU   56     0.000
 FEXT   56     0.000
 FULL   56   659.471
 TSTEP  56     7.171
 IO     56     6.713
 INIT   56     0.000
 GIVE   57     3.109
 TAKE   57     6.772
 WAIT   57    13.100
 FSOL   57   621.886
 FFLU   57     0.000
 PSOL   57     0.000
 PFLU   57     0.000
 FEXT   57     0.000
 FULL   57   659.471
 TSTEP  57     6.206
 IO     57     1.798
 INIT   57     0.000
 GIVE   58     2.047
 TAKE   58     2.403
 WAIT   58    25.948
 FSOL   58   613.663
 FFLU   58     0.000
 PSOL   58     0.000
 PFLU   58     0.000
 FEXT   58     0.000
 FULL   58   659.464
 TSTEP  58     6.984
 IO     58     6.709
 INIT   58     0.000
 GIVE   59     3.145
 TAKE   59     3.940
 WAIT   59    27.482
 FSOL   59   609.527
 FFLU   59     0.000
 PSOL   59     0.000
 PFLU   59     0.000
 FEXT   59     0.000
 FULL   59   659.472
 TSTEP  59     6.947
 IO     59     6.709
 INIT   59     0.000
 GIVE   60     3.114
 TAKE   60     8.117
 WAIT   60    29.638
 FSOL   60   604.167
 FFLU   60     0.000
 PSOL   60     0.000
 PFLU   60     0.000
 FEXT   60     0.000
 FULL   60   659.471
 TSTEP  60     6.045
 IO     60     6.702
 INIT   60     0.000
 GIVE   61     3.057
 TAKE   61     4.944
 WAIT   61    41.585
 FSOL   61   594.371
 FFLU   61     0.000
 PSOL   61     0.000
 PFLU   61     0.000
 FEXT   61     0.000
 FULL   61   659.471
 TSTEP  61     7.092
 IO     61     6.744
 INIT   61     0.000
 GIVE   62     5.216
 TAKE   62     9.638
 WAIT   62    16.379
 FSOL   62   613.856
 FFLU   62     0.000
 PSOL   62     0.000
 PFLU   62     0.000
 FEXT   62     0.000
 FULL   62   659.472
 TSTEP  62     5.987
 IO     62     5.034
 INIT   62     0.000
 GIVE   63     2.774
 TAKE   63     7.717
 WAIT   63    43.445
 FSOL   63   591.019
 FFLU   63     0.000
 PSOL   63     0.000
 PFLU   63     0.000
 FEXT   63     0.000
 FULL   63   659.471
 TSTEP  63     6.124
 IO     63     3.433
 INIT   63     0.000
 GIVE   64     3.082
 TAKE   64     4.083
 WAIT   64    30.067
 FSOL   64   606.683
 FFLU   64     0.000
 PSOL   64     0.000
 PFLU   64     0.000
 FEXT   64     0.000
 FULL   64   659.472
 TSTEP  64     7.137
 IO     64     5.227
 INIT   64     0.000
 GIVE   65     3.427
 TAKE   65     9.219
 WAIT   65    31.815
 FSOL   65   600.530
 FFLU   65     0.000
 PSOL   65     0.000
 PFLU   65     0.000
 FEXT   65     0.000
 FULL   65   659.472
 TSTEP  65     6.080
 IO     65     4.958
 INIT   65     0.000
 GIVE   66     3.297
 TAKE   66     8.677
 WAIT   66    31.744
 FSOL   66   601.342
 FFLU   66     0.000
 PSOL   66     0.000
 PFLU   66     0.000
 FEXT   66     0.000
 FULL   66   659.472
 TSTEP  66     6.023
 IO     66     3.508
 INIT   66     0.000
 GIVE   67     1.872
 TAKE   67     1.810
 WAIT   67    27.397
 FSOL   67   610.116
 FFLU   67     0.000
 PSOL   67     0.000
 PFLU   67     0.000
 FEXT   67     0.000
 FULL   67   659.471
 TSTEP  67     9.826
 IO     67     0.363
 INIT   67     0.000
 GIVE   68     2.697
 TAKE   68     5.390
 WAIT   68    31.155
 FSOL   68   604.190
 FFLU   68     0.000
 PSOL   68     0.000
 PFLU   68     0.000
 FEXT   68     0.000
 FULL   68   659.468
 TSTEP  68     7.623
 IO     68     6.726
 INIT   68     0.000
 GIVE   69     2.453
 TAKE   69     4.504
 WAIT   69    34.544
 FSOL   69   601.841
 FFLU   69     0.000
 PSOL   69     0.000
 PFLU   69     0.000
 FEXT   69     0.000
 FULL   69   659.472
 TSTEP  69     7.717
 IO     69     2.378
 INIT   69     0.000
 GIVE   70     1.935
 TAKE   70     3.376
 WAIT   70    14.281
 FSOL   70   623.685
 FFLU   70     0.000
 PSOL   70     0.000
 PFLU   70     0.000
 FEXT   70     0.000
 FULL   70   659.472
 TSTEP  70     7.762
 IO     70     6.708
 INIT   70     0.000
 GIVE   71     1.505
 TAKE   71     2.584
 WAIT   71    36.077
 FSOL   71   602.679
 FFLU   71     0.000
 PSOL   71     0.000
 PFLU   71     0.000
 FEXT   71     0.000
 FULL   71   659.472
 TSTEP  71     8.188
 IO     71     0.469
 INIT   71     0.000
 GIVE   72     4.901
 TAKE   72     6.746
 WAIT   72     4.692
 FSOL   72   627.716
 FFLU   72     0.000
 PSOL   72     0.000
 PFLU   72     0.000
 FEXT   72     0.000
 FULL   72   659.539
 TSTEP  72     7.005
 IO     72     5.187
 INIT   72     0.000
 GIVE   73     3.032
 TAKE   73     7.710
 WAIT   73    18.807
 FSOL   73   614.644
 FFLU   73     0.000
 PSOL   73     0.000
 PFLU   73     0.000
 FEXT   73     0.000
 FULL   73   659.538
 TSTEP  73     6.870
 IO     73     4.865
 INIT   73     0.000
 GIVE   74     3.041
 TAKE   74     4.502
 WAIT   74    10.744
 FSOL   74   626.073
 FFLU   74     0.000
 PSOL   74     0.000
 PFLU   74     0.000
 FEXT   74     0.000
 FULL   74   659.533
 TSTEP  74     6.712
 IO     74     6.252
 INIT   74     0.000
 GIVE   75     2.798
 TAKE   75     7.002
 WAIT   75    20.107
 FSOL   75   614.434
 FFLU   75     0.000
 PSOL   75     0.000
 PFLU   75     0.000
 FEXT   75     0.000
 FULL   75   659.532
 TSTEP  75     6.715
 IO     75     6.250
 INIT   75     0.000
 GIVE   76     1.944
 TAKE   76     4.511
 WAIT   76    42.935
 FSOL   76   594.665
 FFLU   76     0.000
 PSOL   76     0.000
 PFLU   76     0.000
 FEXT   76     0.000
 FULL   76   659.532
 TSTEP  76     6.974
 IO     76     3.757
 INIT   76     0.000
 GIVE   77     2.090
 TAKE   77     5.142
 WAIT   77    37.128
 FSOL   77   599.563
 FFLU   77     0.000
 PSOL   77     0.000
 PFLU   77     0.000
 FEXT   77     0.000
 FULL   77   659.532
 TSTEP  77     7.125
 IO     77     5.137
 INIT   77     0.000
 GIVE   78     2.767
 TAKE   78     3.397
 WAIT   78    12.930
 FSOL   78   624.753
 FFLU   78     0.000
 PSOL   78     0.000
 PFLU   78     0.000
 FEXT   78     0.000
 FULL   78   659.539
 TSTEP  78     7.226
 IO     78     6.255
 INIT   78     0.000
 GIVE   79     2.891
 TAKE   79     2.743
 WAIT   79    15.183
 FSOL   79   622.614
 FFLU   79     0.000
 PSOL   79     0.000
 PFLU   79     0.000
 FEXT   79     0.000
 FULL   79   659.536
 TSTEP  79     7.588
 IO     79     6.520
 INIT   79     0.000
 GIVE   80     3.296
 TAKE   80     4.377
 WAIT   80    21.590
 FSOL   80   614.947
 FFLU   80     0.000
 PSOL   80     0.000
 PFLU   80     0.000
 FEXT   80     0.000
 FULL   80   659.531
 TSTEP  80     6.861
 IO     80     6.255
 INIT   80     0.000
 GIVE   81     3.853
 TAKE   81     8.526
 WAIT   81    21.979
 FSOL   81   610.393
 FFLU   81     0.000
 PSOL   81     0.000
 PFLU   81     0.000
 FEXT   81     0.000
 FULL   81   659.535
 TSTEP  81     6.280
 IO     81     6.534
 INIT   81     0.000
 GIVE   82     2.986
 TAKE   82     8.768
 WAIT   82    27.240
 FSOL   82   605.946
 FFLU   82     0.000
 PSOL   82     0.000
 PFLU   82     0.000
 FEXT   82     0.000
 FULL   82   659.534
 TSTEP  82     6.127
 IO     82     3.680
 INIT   82     0.000
 GIVE   83     2.266
 TAKE   83     3.220
 WAIT   83    42.121
 FSOL   83   596.010
 FFLU   83     0.000
 PSOL   83     0.000
 PFLU   83     0.000
 FEXT   83     0.000
 FULL   83   659.530
 TSTEP  83     7.406
 IO     83     5.426
 INIT   83     0.000
 GIVE   84     2.709
 TAKE   84     2.332
 WAIT   84    28.747
 FSOL   84   608.998
 FFLU   84     0.000
 PSOL   84     0.000
 PFLU   84     0.000
 FEXT   84     0.000
 FULL   84   659.532
 TSTEP  84     8.227
 IO     84     4.998
 INIT   84     0.000
 GIVE   85     2.860
 TAKE   85     2.769
 WAIT   85    42.553
 FSOL   85   594.405
 FFLU   85     0.000
 PSOL   85     0.000
 PFLU   85     0.000
 FEXT   85     0.000
 FULL   85   659.532
 TSTEP  85     8.431
 IO     85     4.875
 INIT   85     0.000
 GIVE   86     3.020
 TAKE   86     3.496
 WAIT   86    28.579
 FSOL   86   607.921
 FFLU   86     0.000
 PSOL   86     0.000
 PFLU   86     0.000
 FEXT   86     0.000
 FULL   86   659.532
 TSTEP  86     8.005
 IO     86     1.696
 INIT   86     0.000
 GIVE   87     2.834
 TAKE   87     7.775
 WAIT   87    40.445
 FSOL   87   593.814
 FFLU   87     0.000
 PSOL   87     0.000
 PFLU   87     0.000
 FEXT   87     0.000
 FULL   87   659.532
 TSTEP  87     6.221
 IO     87     2.053
 INIT   87     0.000
 GIVE   88     2.972
 TAKE   88     7.986
 WAIT   88    43.085
 FSOL   88   590.554
 FFLU   88     0.000
 PSOL   88     0.000
 PFLU   88     0.000
 FEXT   88     0.000
 FULL   88   659.532
 TSTEP  88     6.492
 IO     88     1.579
 INIT   88     0.000
 GIVE   89     3.347
 TAKE   89     9.096
 WAIT   89    29.988
 FSOL   89   602.518
 FFLU   89     0.000
 PSOL   89     0.000
 PFLU   89     0.000
 FEXT   89     0.000
 FULL   89   659.530
 TSTEP  89     6.138
 IO     89     4.861
 INIT   89     0.000
 GIVE   90     3.741
 TAKE   90     9.915
 WAIT   90    39.388
 FSOL   90   592.081
 FFLU   90     0.000
 PSOL   90     0.000
 PFLU   90     0.000
 FEXT   90     0.000
 FULL   90   659.532
 TSTEP  90     5.955
 IO     90     4.861
 INIT   90     0.000
 GIVE   91     2.982
 TAKE   91     7.619
 WAIT   91    40.386
 FSOL   91   594.034
 FFLU   91     0.000
 PSOL   91     0.000
 PFLU   91     0.000
 FEXT   91     0.000
 FULL   91   659.531
 TSTEP  91     6.058
 IO     91     1.318
 INIT   91     0.000
 GIVE   92     2.983
 TAKE   92     5.477
 WAIT   92    43.635
 FSOL   92   592.605
 FFLU   92     0.000
 PSOL   92     0.000
 PFLU   92     0.000
 FEXT   92     0.000
 FULL   92   659.532
 TSTEP  92     6.369
 IO     92     1.805
 INIT   92     0.000
 GIVE   93     3.039
 TAKE   93     3.436
 WAIT   93    17.241
 FSOL   93   619.491
 FFLU   93     0.000
 PSOL   93     0.000
 PFLU   93     0.000
 FEXT   93     0.000
 FULL   93   659.532
 TSTEP  93     7.819
 IO     93     6.516
 INIT   93     0.000
 GIVE   94     3.107
 TAKE   94     7.969
 WAIT   94    32.651
 FSOL   94   601.088
 FFLU   94     0.000
 PSOL   94     0.000
 PFLU   94     0.000
 FEXT   94     0.000
 FULL   94   659.531
 TSTEP  94     5.931
 IO     94     0.691
 INIT   94     0.000
 GIVE   95     2.997
 TAKE   95     8.486
 WAIT   95    42.877
 FSOL   95   590.783
 FFLU   95     0.000
 PSOL   95     0.000
 PFLU   95     0.000
 FEXT   95     0.000
 FULL   95   659.532
 TSTEP  95     5.942
 IO     95     5.208
 INIT   95     0.000
 GIVE   96     3.497
 TAKE   96     7.727
 WAIT   96    25.816
 FSOL   96   609.212
 FFLU   96     0.000
 PSOL   96     0.000
 PFLU   96     0.000
 FEXT   96     0.000
 FULL   96   659.531
 TSTEP  96     4.841
 IO     96     5.233
 INIT   96     0.000
 GIVE   97     3.000
 TAKE   97     6.212
 WAIT   97    31.251
 FSOL   97   605.568
 FFLU   97     0.000
 PSOL   97     0.000
 PFLU   97     0.000
 FEXT   97     0.000
 FULL   97   659.537
 TSTEP  97     5.058
 IO     97     0.443
 INIT   97     0.000
 GIVE   98     4.132
 TAKE   98     9.151
 WAIT   98    25.018
 FSOL   98   606.385
 FFLU   98     0.000
 PSOL   98     0.000
 PFLU   98     0.000
 FEXT   98     0.000
 FULL   98   659.532
 TSTEP  98     6.411
 IO     98     1.407
 INIT   98     0.000
 GIVE   99     3.245
 TAKE   99     3.263
 WAIT   99    33.197
 FSOL   99   605.049
 FFLU   99     0.000
 PSOL   99     0.000
 PFLU   99     0.000
 FEXT   99     0.000
 FULL   99   659.535
 TSTEP  99     6.324
 IO     99     1.655
 INIT   99     0.000
 GIVE  100     3.420
 TAKE  100     7.214
 WAIT  100    42.006
 FSOL  100   591.688
 FFLU  100     0.000
 PSOL  100     0.000
 PFLU  100     0.000
 FEXT  100     0.000
 FULL  100   659.539
 TSTEP 100     6.766
 IO    100     5.272
 INIT  100     0.000
 GIVE  101     2.943
 TAKE  101     7.732
 WAIT  101    28.557
 FSOL  101   606.533
 FFLU  101     0.000
 PSOL  101     0.000
 PFLU  101     0.000
 FEXT  101     0.035
 FULL  101   659.537
 TSTEP 101     4.842
 IO    101     0.639
 INIT  101     0.000
 GIVE  102     2.779
 TAKE  102     5.053
 WAIT  102    37.849
 FSOL  102   600.137
 FFLU  102     0.000
 PSOL  102     0.000
 PFLU  102     0.000
 FEXT  102     0.000
 FULL  102   659.544
 TSTEP 102     5.266
 IO    102     5.085
 INIT  102     0.000
 GIVE  103     3.199
 TAKE  103     5.818
 WAIT  103    10.337
 FSOL  103   626.483
 FFLU  103     0.000
 PSOL  103     0.000
 PFLU  103     0.000
 FEXT  103     0.000
 FULL  103   659.534
 TSTEP 103     5.236
 IO    103     5.082
 INIT  103     0.000
 GIVE  104     4.258
 TAKE  104     7.504
 WAIT  104     4.808
 FSOL  104   629.582
 FFLU  104     0.000
 PSOL  104     0.000
 PFLU  104     0.000
 FEXT  104     0.000
 FULL  104   659.544
 TSTEP 104     4.937
 IO    104     1.864
 INIT  104     0.000
 GIVE  105     4.489
 TAKE  105     8.069
 WAIT  105     4.874
 FSOL  105   628.687
 FFLU  105     0.000
 PSOL  105     0.000
 PFLU  105     0.000
 FEXT  105     0.000
 FULL  105   659.534
 TSTEP 105     4.971
 IO    105     5.081
 INIT  105     0.000
 GIVE  106     4.337
 TAKE  106     8.156
 WAIT  106     6.151
 FSOL  106   627.717
 FFLU  106     0.000
 PSOL  106     0.000
 PFLU  106     0.000
 FEXT  106     0.000
 FULL  106   659.538
 TSTEP 106     4.735
 IO    106     4.240
 INIT  106     0.000
 GIVE  107     2.757
 TAKE  107     5.740
 WAIT  107    35.479
 FSOL  107   601.903
 FFLU  107     0.000
 PSOL  107     0.000
 PFLU  107     0.000
 FEXT  107     0.000
 FULL  107   659.534
 TSTEP 107     5.207
 IO    107     2.127
 INIT  107     0.000
 GIVE  108     2.883
 TAKE  108     3.862
 WAIT  108    57.137
 FSOL  108   579.262
 FFLU  108     0.000
 PSOL  108     0.000
 PFLU  108     0.000
 FEXT  108     0.000
 FULL  108   659.532
 TSTEP 108     7.903
 IO    108     0.634
 INIT  108     0.000
 GIVE  109     2.888
 TAKE  109     7.701
 WAIT  109    46.606
 FSOL  109   590.216
 FFLU  109     0.000
 PSOL  109     0.000
 PFLU  109     0.000
 FEXT  109     0.000
 FULL  109   659.533
 TSTEP 109     3.679
 IO    109     4.408
 INIT  109     0.000
 GIVE  110     3.981
 TAKE  110    10.728
 WAIT  110    42.581
 FSOL  110   590.182
 FFLU  110     0.000
 PSOL  110     0.000
 PFLU  110     0.000
 FEXT  110     0.000
 FULL  110   659.535
 TSTEP 110     3.616
 IO    110     0.635
 INIT  110     0.000
 GIVE  111     2.876
 TAKE  111     7.414
 WAIT  111    44.156
 FSOL  111   592.977
 FFLU  111     0.000
 PSOL  111     0.000
 PFLU  111     0.000
 FEXT  111     0.000
 FULL  111   659.532
 TSTEP 111     3.656
 IO    111     5.301
 INIT  111     0.000
 GIVE  112     3.192
 TAKE  112     4.596
 WAIT  112    30.065
 FSOL  112   605.686
 FFLU  112     0.000
 PSOL  112     0.000
 PFLU  112     0.000
 FEXT  112     0.000
 FULL  112   659.533
 TSTEP 112     7.530
 IO    112     5.476
 INIT  112     0.000
 GIVE  113     3.052
 TAKE  113     7.774
 WAIT  113    44.917
 FSOL  113   591.669
 FFLU  113     0.000
 PSOL  113     0.000
 PFLU  113     0.000
 FEXT  113     0.000
 FULL  113   659.533
 TSTEP 113     3.683
 IO    113     0.336
 INIT  113     0.000
 GIVE  114     2.077
 TAKE  114     3.947
 WAIT  114    65.109
 FSOL  114   575.803
 FFLU  114     0.000
 PSOL  114     0.000
 PFLU  114     0.000
 FEXT  114     0.000
 FULL  114   659.542
 TSTEP 114     4.114
 IO    114     4.222
 INIT  114     0.000
 GIVE  115     1.776
 TAKE  115     4.657
 WAIT  115    66.327
 FSOL  115   574.354
 FFLU  115     0.000
 PSOL  115     0.000
 PFLU  115     0.000
 FEXT  115     0.000
 FULL  115   659.532
 TSTEP 115     3.936
 IO    115     5.086
 INIT  115     0.000
 GIVE  116     2.914
 TAKE  116     7.931
 WAIT  116    51.412
 FSOL  116   585.138
 FFLU  116     0.000
 PSOL  116     0.000
 PFLU  116     0.000
 FEXT  116     0.000
 FULL  116   659.543
 TSTEP 116     3.688
 IO    116     0.745
 INIT  116     0.000
 GIVE  117     2.879
 TAKE  117     2.378
 WAIT  117    54.207
 FSOL  117   581.230
 FFLU  117     0.000
 PSOL  117     0.000
 PFLU  117     0.000
 FEXT  117     0.000
 FULL  117   659.531
 TSTEP 117    10.346
 IO    117     4.438
 INIT  117     0.000
 GIVE  118     3.244
 TAKE  118     3.691
 WAIT  118    43.868
 FSOL  118   592.388
 FFLU  118     0.000
 PSOL  118     0.000
 PFLU  118     0.000
 FEXT  118     0.000
 FULL  118   659.531
 TSTEP 118     7.842
 IO    118     1.450
 INIT  118     0.000
 GIVE  119     3.220
 TAKE  119     3.601
 WAIT  119    41.205
 FSOL  119   595.126
 FFLU  119     0.000
 PSOL  119     0.000
 PFLU  119     0.000
 FEXT  119     0.000
 FULL  119   659.539
 TSTEP 119     7.886
 IO    119     5.380
 INIT  119     0.000
 GIVE  120     2.774
 TAKE  120     4.902
 WAIT  120    19.635
 FSOL  120   617.726
 FFLU  120     0.000
 PSOL  120     0.000
 PFLU  120     0.000
 FEXT  120     0.000
 FULL  120   659.461
 TSTEP 120     6.034
 IO    120     6.662
 INIT  120     0.000
 GIVE  121     1.674
 TAKE  121     1.977
 WAIT  121    23.830
 FSOL  121   616.988
 FFLU  121     0.000
 PSOL  121     0.000
 PFLU  121     0.000
 FEXT  121     0.000
 FULL  121   659.461
 TSTEP 121     6.584
 IO    121     4.699
 INIT  121     0.000
 GIVE  122     2.494
 TAKE  122     3.481
 WAIT  122    31.863
 FSOL  122   606.632
 FFLU  122     0.000
 PSOL  122     0.000
 PFLU  122     0.000
 FEXT  122     0.000
 FULL  122   659.459
 TSTEP 122     6.588
 IO    122     6.504
 INIT  122     0.000
 GIVE  123     1.759
 TAKE  123     2.075
 WAIT  123    33.903
 FSOL  123   606.649
 FFLU  123     0.000
 PSOL  123     0.000
 PFLU  123     0.000
 FEXT  123     0.000
 FULL  123   659.460
 TSTEP 123     6.665
 IO    123     5.302
 INIT  123     0.000
 GIVE  124     1.989
 TAKE  124     3.322
 WAIT  124    45.181
 FSOL  124   591.700
 FFLU  124     0.000
 PSOL  124     0.000
 PFLU  124     0.000
 FEXT  124     0.000
 FULL  124   659.462
 TSTEP 124     8.834
 IO    124     5.500
 INIT  124     0.000
 GIVE  125     3.171
 TAKE  125     5.850
 WAIT  125    18.880
 FSOL  125   615.588
 FFLU  125     0.000
 PSOL  125     0.000
 PFLU  125     0.000
 FEXT  125     0.000
 FULL  125   659.458
 TSTEP 125     7.588
 IO    125     6.414
 INIT  125     0.000
 GIVE  126     2.967
 TAKE  126     6.694
 WAIT  126    40.659
 FSOL  126   594.152
 FFLU  126     0.000
 PSOL  126     0.000
 PFLU  126     0.000
 FEXT  126     0.000
 FULL  126   659.462
 TSTEP 126     6.610
 IO    126     5.499
 INIT  126     0.000
 GIVE  127     1.973
 TAKE  127     3.721
 WAIT  127    23.827
 FSOL  127   613.507
 FFLU  127     0.000
 PSOL  127     0.000
 PFLU  127     0.000
 FEXT  127     0.000
 FULL  127   659.459
 TSTEP 127     7.999
 IO    127     6.572
 INIT  127     0.000
 GIVE  128     1.872
 TAKE  128     4.902
 WAIT  128    44.941
 FSOL  128   592.328
 FFLU  128     0.000
 PSOL  128     0.000
 PFLU  128     0.000
 FEXT  128     0.000
 FULL  128   659.458
 TSTEP 128     6.991
 IO    128     6.369
 INIT  128     0.000
 GIVE  129     2.496
 TAKE  129     6.783
 WAIT  129    43.406
 FSOL  129   591.406
 FFLU  129     0.000
 PSOL  129     0.000
 PFLU  129     0.000
 FEXT  129     0.000
 FULL  129   659.457
 TSTEP 129     6.942
 IO    129     6.375
 INIT  129     0.000
 GIVE  130     2.425
 TAKE  130     6.910
 WAIT  130    30.444
 FSOL  130   604.778
 FFLU  130     0.000
 PSOL  130     0.000
 PFLU  130     0.000
 FEXT  130     0.000
 FULL  130   659.458
 TSTEP 130     6.481
 IO    130     5.496
 INIT  130     0.000
 GIVE  131     2.828
 TAKE  131    10.068
 WAIT  131    45.909
 FSOL  131   586.268
 FFLU  131     0.000
 PSOL  131     0.000
 PFLU  131     0.000
 FEXT  131     0.000
 FULL  131   659.459
 TSTEP 131     6.013
 IO    131     0.351
 INIT  131     0.000
 GIVE  132     3.759
 TAKE  132     3.352
 WAIT  132    14.332
 FSOL  132   620.545
 FFLU  132     0.000
 PSOL  132     0.000
 PFLU  132     0.000
 FEXT  132     0.000
 FULL  132   659.459
 TSTEP 132     9.102
 IO    132     2.100
 INIT  132     0.000
 GIVE  133     3.054
 TAKE  133     5.438
 WAIT  133    13.873
 FSOL  133   622.492
 FFLU  133     0.000
 PSOL  133     0.000
 PFLU  133     0.000
 FEXT  133     0.000
 FULL  133   659.460
 TSTEP 133     6.211
 IO    133     4.656
 INIT  133     0.000
 GIVE  134     3.084
 TAKE  134     5.437
 WAIT  134    38.489
 FSOL  134   598.527
 FFLU  134     0.000
 PSOL  134     0.000
 PFLU  134     0.000
 FEXT  134     0.000
 FULL  134   659.457
 TSTEP 134     5.559
 IO    134     6.372
 INIT  134     0.000
 GIVE  135     3.153
 TAKE  135     4.152
 WAIT  135    27.620
 FSOL  135   610.466
 FFLU  135     0.000
 PSOL  135     0.000
 PFLU  135     0.000
 FEXT  135     0.000
 FULL  135   659.460
 TSTEP 135     5.706
 IO    135     5.174
 INIT  135     0.000
 GIVE  136     3.449
 TAKE  136     9.281
 WAIT  136    19.020
 FSOL  136   614.942
 FFLU  136     0.000
 PSOL  136     0.000
 PFLU  136     0.000
 FEXT  136     0.000
 FULL  136   659.460
 TSTEP 136     4.390
 IO    136     5.480
 INIT  136     0.000
 GIVE  137     3.057
 TAKE  137     7.668
 WAIT  137    39.703
 FSOL  137   595.969
 FFLU  137     0.000
 PSOL  137     0.000
 PFLU  137     0.000
 FEXT  137     0.000
 FULL  137   659.462
 TSTEP 137     4.680
 IO    137     6.345
 INIT  137     0.000
 GIVE  138     3.002
 TAKE  138     8.119
 WAIT  138    43.947
 FSOL  138   591.503
 FFLU  138     0.000
 PSOL  138     0.000
 PFLU  138     0.000
 FEXT  138     0.000
 FULL  138   659.458
 TSTEP 138     4.506
 IO    138     4.653
 INIT  138     0.000
 GIVE  139     3.099
 TAKE  139     7.074
 WAIT  139    21.638
 FSOL  139   614.797
 FFLU  139     0.000
 PSOL  139     0.000
 PFLU  139     0.000
 FEXT  139     0.000
 FULL  139   659.460
 TSTEP 139     4.493
 IO    139     5.480
 INIT  139     0.000
 GIVE  140     3.326
 TAKE  140     3.972
 WAIT  140    32.833
 FSOL  140   605.313
 FFLU  140     0.000
 PSOL  140     0.000
 PFLU  140     0.000
 FEXT  140     0.000
 FULL  140   659.461
 TSTEP 140     5.648
 IO    140     1.709
 INIT  140     0.000
 GIVE  141     2.722
 TAKE  141     7.186
 WAIT  141    33.704
 FSOL  141   602.792
 FFLU  141     0.000
 PSOL  141     0.000
 PFLU  141     0.000
 FEXT  141     0.000
 FULL  141   659.461
 TSTEP 141     4.682
 IO    141     6.300
 INIT  141     0.000
 GIVE  142     3.238
 TAKE  142     8.304
 WAIT  142    32.970
 FSOL  142   601.872
 FFLU  142     0.000
 PSOL  142     0.000
 PFLU  142     0.000
 FEXT  142     0.000
 FULL  142   659.458
 TSTEP 142     4.692
 IO    142     4.654
 INIT  142     0.000
 GIVE  143     3.792
 TAKE  143     6.761
 WAIT  143    35.646
 FSOL  143   598.482
 FFLU  143     0.000
 PSOL  143     0.000
 PFLU  143     0.000
 FEXT  143     0.000
 FULL  143   659.460
 TSTEP 143     6.399
 IO    143     4.656
 INIT  143     0.000
 GIVE  144     9.627
 TAKE  144    10.555
 WAIT  144    19.606
 FSOL  144   606.609
 FFLU  144     0.000
 PSOL  144     0.000
 PFLU  144     0.000
 FEXT  144     0.000
 FULL  144   659.415
 TSTEP 144     4.694
 IO    144     1.785
 INIT  144     0.000
 GIVE  145     8.705
 TAKE  145    10.201
 WAIT  145    13.252
 FSOL  145   613.500
 FFLU  145     0.000
 PSOL  145     0.000
 PFLU  145     0.000
 FEXT  145     0.000
 FULL  145   659.414
 TSTEP 145     5.432
 IO    145     4.403
 INIT  145     0.000
 GIVE  146     2.734
 TAKE  146     8.208
 WAIT  146    47.217
 FSOL  146   587.299
 FFLU  146     0.000
 PSOL  146     0.000
 PFLU  146     0.000
 FEXT  146     0.000
 FULL  146   659.414
 TSTEP 146     5.629
 IO    146     4.323
 INIT  146     0.000
 GIVE  147     9.530
 TAKE  147    10.948
 WAIT  147    22.960
 FSOL  147   603.027
 FFLU  147     0.000
 PSOL  147     0.000
 PFLU  147     0.000
 FEXT  147     0.000
 FULL  147   659.414
 TSTEP 147     4.628
 IO    147     4.319
 INIT  147     0.000
 GIVE  148     2.936
 TAKE  148     4.975
 WAIT  148    13.637
 FSOL  148   622.161
 FFLU  148     0.000
 PSOL  148     0.000
 PFLU  148     0.000
 FEXT  148     0.000
 FULL  148   659.413
 TSTEP 148     7.368
 IO    148     4.330
 INIT  148     0.000
 GIVE  149     2.287
 TAKE  149     2.397
 WAIT  149    20.749
 FSOL  149   617.741
 FFLU  149     0.000
 PSOL  149     0.000
 PFLU  149     0.000
 FEXT  149     0.000
 FULL  149   659.413
 TSTEP 149     7.897
 IO    149     4.580
 INIT  149     0.000
 GIVE  150     2.866
 TAKE  150     4.150
 WAIT  150    25.597
 FSOL  150   610.694
 FFLU  150     0.000
 PSOL  150     0.000
 PFLU  150     0.000
 FEXT  150     0.000
 FULL  150   659.414
 TSTEP 150     7.758
 IO    150     4.375
 INIT  150     0.000
 GIVE  151     3.561
 TAKE  151     6.557
 WAIT  151    28.898
 FSOL  151   605.131
 FFLU  151     0.000
 PSOL  151     0.000
 PFLU  151     0.000
 FEXT  151     0.000
 FULL  151   659.414
 TSTEP 151     6.920
 IO    151     4.331
 INIT  151     0.000
 GIVE  152     3.178
 TAKE  152     6.493
 WAIT  152    34.360
 FSOL  152   600.715
 FFLU  152     0.000
 PSOL  152     0.000
 PFLU  152     0.000
 FEXT  152     0.000
 FULL  152   659.413
 TSTEP 152     6.337
 IO    152     0.602
 INIT  152     0.000
 GIVE  153     3.674
 TAKE  153     9.098
 WAIT  153    12.440
 FSOL  153   619.700
 FFLU  153     0.000
 PSOL  153     0.000
 PFLU  153     0.000
 FEXT  153     0.000
 FULL  153   659.413
 TSTEP 153     6.175
 IO    153     1.814
 INIT  153     0.000
 GIVE  154     3.037
 TAKE  154     4.986
 WAIT  154    27.694
 FSOL  154   608.327
 FFLU  154     0.000
 PSOL  154     0.000
 PFLU  154     0.000
 FEXT  154     0.000
 FULL  154   659.413
 TSTEP 154     7.023
 IO    154     2.117
 INIT  154     0.000
 GIVE  155     1.862
 TAKE  155     1.917
 WAIT  155    35.513
 FSOL  155   603.648
 FFLU  155     0.000
 PSOL  155     0.000
 PFLU  155     0.000
 FEXT  155     0.000
 FULL  155   659.413
 TSTEP 155     8.130
 IO    155     4.785
 INIT  155     0.000
 GIVE  156     2.555
 TAKE  156     3.462
 WAIT  156     9.896
 FSOL  156   625.798
 FFLU  156     0.000
 PSOL  156     0.000
 PFLU  156     0.000
 FEXT  156     0.000
 FULL  156   659.413
 TSTEP 156     9.328
 IO    156     4.329
 INIT  156     0.000
 GIVE  157     1.945
 TAKE  157     2.009
 WAIT  157    44.237
 FSOL  157   592.252
 FFLU  157     0.000
 PSOL  157     0.000
 PFLU  157     0.000
 FEXT  157     0.000
 FULL  157   659.414
 TSTEP 157    10.589
 IO    157     4.488
 INIT  157     0.000
 GIVE  158     2.197
 TAKE  158     4.253
 WAIT  158    11.352
 FSOL  158   625.605
 FFLU  158     0.000
 PSOL  158     0.000
 PFLU  158     0.000
 FEXT  158     0.000
 FULL  158   659.413
 TSTEP 158     7.667
 IO    158     1.814
 INIT  158     0.000
 GIVE  159     3.074
 TAKE  159     6.635
 WAIT  159    36.793
 FSOL  159   597.460
 FFLU  159     0.000
 PSOL  159     0.000
 PFLU  159     0.000
 FEXT  159     0.000
 FULL  159   659.413
 TSTEP 159     7.094
 IO    159     4.815
 INIT  159     0.000
 GIVE  160     3.528
 TAKE  160     6.467
 WAIT  160    18.684
 FSOL  160   615.500
 FFLU  160     0.000
 PSOL  160     0.000
 PFLU  160     0.000
 FEXT  160     0.000
 FULL  160   659.414
 TSTEP 160     6.892
 IO    160     5.293
 INIT  160     0.000
 GIVE  161     2.195
 TAKE  161     3.179
 WAIT  161    23.215
 FSOL  161   615.379
 FFLU  161     0.000
 PSOL  161     0.000
 PFLU  161     0.000
 FEXT  161     0.000
 FULL  161   659.413
 TSTEP 161     7.098
 IO    161     4.330
 INIT  161     0.000
 GIVE  162     3.122
 TAKE  162     6.287
 WAIT  162    25.360
 FSOL  162   609.737
 FFLU  162     0.000
 PSOL  162     0.000
 PFLU  162     0.000
 FEXT  162     0.000
 FULL  162   659.414
 TSTEP 162     6.570
 IO    162     4.324
 INIT  162     0.000
 GIVE  163     3.343
 TAKE  163     9.361
 WAIT  163    39.316
 FSOL  163   593.517
 FFLU  163     0.000
 PSOL  163     0.000
 PFLU  163     0.000
 FEXT  163     0.000
 FULL  163   659.413
 TSTEP 163     5.542
 IO    163     5.248
 INIT  163     0.000
 GIVE  164     3.418
 TAKE  164     6.568
 WAIT  164    23.834
 FSOL  164   610.759
 FFLU  164     0.000
 PSOL  164     0.000
 PFLU  164     0.000
 FEXT  164     0.000
 FULL  164   659.414
 TSTEP 164     6.495
 IO    164     5.352
 INIT  164     0.000
 GIVE  165     3.869
 TAKE  165    10.591
 WAIT  165    28.196
 FSOL  165   602.955
 FFLU  165     0.000
 PSOL  165     0.000
 PFLU  165     0.000
 FEXT  165     0.000
 FULL  165   659.413
 TSTEP 165     5.462
 IO    165     4.850
 INIT  165     0.000
 GIVE  166     3.345
 TAKE  166     6.929
 WAIT  166    26.440
 FSOL  166   607.886
 FFLU  166     0.000
 PSOL  166     0.000
 PFLU  166     0.000
 FEXT  166     0.000
 FULL  166   659.414
 TSTEP 166     6.483
 IO    166     4.640
 INIT  166     0.000
 GIVE  167     5.029
 TAKE  167     9.266
 WAIT  167    17.683
 FSOL  167   613.555
 FFLU  167     0.000
 PSOL  167     0.000
 PFLU  167     0.000
 FEXT  167     0.000
 FULL  167   659.414
 TSTEP 167     5.549
 IO    167     4.739
 INIT  167     0.000
 GIVE  168     4.332
 TAKE  168     8.646
 WAIT  168    73.947
 FSOL  168   557.827
 FFLU  168     0.000
 PSOL  168     0.000
 PFLU  168     0.000
 FEXT  168     0.000
 FULL  168   659.553
 TSTEP 168     6.300
 IO    168     5.374
 INIT  168     0.000
 GIVE  169     4.084
 TAKE  169     8.497
 WAIT  169    77.294
 FSOL  169   554.862
 FFLU  169     0.000
 PSOL  169     0.000
 PFLU  169     0.000
 FEXT  169     0.000
 FULL  169   659.553
 TSTEP 169     6.319
 IO    169     1.171
 INIT  169     0.000
 GIVE  170     3.916
 TAKE  170     7.492
 WAIT  170    66.803
 FSOL  170   566.556
 FFLU  170     0.000
 PSOL  170     0.000
 PFLU  170     0.000
 FEXT  170     0.000
 FULL  170   659.553
 TSTEP 170     6.258
 IO    170     3.574
 INIT  170     0.000
 GIVE  171     3.236
 TAKE  171     6.004
 WAIT  171    47.034
 FSOL  171   584.804
 FFLU  171     0.000
 PSOL  171     0.000
 PFLU  171     0.000
 FEXT  171     0.000
 FULL  171   659.551
 TSTEP 171     9.972
 IO    171     5.110
 INIT  171     0.000
 GIVE  172     2.557
 TAKE  172     5.390
 WAIT  172    62.600
 FSOL  172   570.461
 FFLU  172     0.000
 PSOL  172     0.000
 PFLU  172     0.000
 FEXT  172     0.000
 FULL  172   659.555
 TSTEP 172    10.043
 IO    172     1.826
 INIT  172     0.000
 GIVE  173     2.924
 TAKE  173     6.027
 WAIT  173    64.051
 FSOL  173   568.018
 FFLU  173     0.000
 PSOL  173     0.000
 PFLU  173     0.000
 FEXT  173     0.000
 FULL  173   659.557
 TSTEP 173    10.033
 IO    173     4.677
 INIT  173     0.000
 GIVE  174     2.602
 TAKE  174     4.663
 WAIT  174    60.341
 FSOL  174   572.035
 FFLU  174     0.000
 PSOL  174     0.000
 PFLU  174     0.000
 FEXT  174     0.000
 FULL  174   659.552
 TSTEP 174    11.405
 IO    174     3.804
 INIT  174     0.000
 GIVE  175     1.842
 TAKE  175     2.220
 WAIT  175    34.531
 FSOL  175   597.910
 FFLU  175     0.000
 PSOL  175     0.000
 PFLU  175     0.000
 FEXT  175     0.000
 FULL  175   659.550
 TSTEP 175    14.468
 IO    175     5.420
 INIT  175     0.000
 GIVE  176     1.783
 TAKE  176     2.176
 WAIT  176    59.486
 FSOL  176   572.916
 FFLU  176     0.000
 PSOL  176     0.000
 PFLU  176     0.000
 FEXT  176     0.000
 FULL  176   659.550
 TSTEP 176    14.611
 IO    176     4.333
 INIT  176     0.000
 GIVE  177     2.830
 TAKE  177     4.006
 WAIT  177    32.946
 FSOL  177   596.800
 FFLU  177     0.000
 PSOL  177     0.000
 PFLU  177     0.000
 FEXT  177     0.000
 FULL  177   659.552
 TSTEP 177    14.392
 IO    177     2.225
 INIT  177     0.000
 GIVE  178     2.228
 TAKE  178     2.851
 WAIT  178    31.168
 FSOL  178   600.340
 FFLU  178     0.000
 PSOL  178     0.000
 PFLU  178     0.000
 FEXT  178     0.000
 FULL  178   659.550
 TSTEP 178    14.392
 IO    178     4.653
 INIT  178     0.000
 GIVE  179     3.142
 TAKE  179     5.655
 WAIT  179    28.029
 FSOL  179   603.023
 FFLU  179     0.000
 PSOL  179     0.000
 PFLU  179     0.000
 FEXT  179     0.000
 FULL  179   659.551
 TSTEP 179    11.201
 IO    179     5.888
 INIT  179     0.000
 GIVE  180     2.130
 TAKE  180     2.289
 WAIT  180    60.411
 FSOL  180   573.513
 FFLU  180     0.000
 PSOL  180     0.000
 PFLU  180     0.000
 FEXT  180     0.000
 FULL  180   659.550
 TSTEP 180    12.632
 IO    180     6.029
 INIT  180     0.000
 GIVE  181     2.940
 TAKE  181     5.224
 WAIT  181    54.327
 FSOL  181   578.086
 FFLU  181     0.000
 PSOL  181     0.000
 PFLU  181     0.000
 FEXT  181     0.000
 FULL  181   659.557
 TSTEP 181    10.468
 IO    181     5.891
 INIT  181     0.000
 GIVE  182     1.990
 TAKE  182     1.911
 WAIT  182    41.714
 FSOL  182   593.206
 FFLU  182     0.000
 PSOL  182     0.000
 PFLU  182     0.000
 FEXT  182     0.000
 FULL  182   659.552
 TSTEP 182    12.213
 IO    182     5.234
 INIT  182     0.000
 GIVE  183     3.308
 TAKE  183     4.297
 WAIT  183    51.094
 FSOL  183   580.086
 FFLU  183     0.000
 PSOL  183     0.000
 PFLU  183     0.000
 FEXT  183     0.000
 FULL  183   659.551
 TSTEP 183    12.238
 IO    183     5.086
 INIT  183     0.000
 GIVE  184     2.703
 TAKE  184     3.241
 WAIT  184    61.372
 FSOL  184   572.652
 FFLU  184     0.000
 PSOL  184     0.000
 PFLU  184     0.000
 FEXT  184     0.000
 FULL  184   659.552
 TSTEP 184    11.069
 IO    184     5.256
 INIT  184     0.000
 GIVE  185     3.501
 TAKE  185     9.536
 WAIT  185    55.743
 FSOL  185   573.817
 FFLU  185     0.000
 PSOL  185     0.000
 PFLU  185     0.000
 FEXT  185     0.000
 FULL  185   659.550
 TSTEP 185     8.465
 IO    185     3.732
 INIT  185     0.000
 GIVE  186     3.036
 TAKE  186     7.278
 WAIT  186    42.498
 FSOL  186   589.021
 FFLU  186     0.000
 PSOL  186     0.000
 PFLU  186     0.000
 FEXT  186     0.000
 FULL  186   659.550
 TSTEP 186     9.222
 IO    186     4.298
 INIT  186     0.000
 GIVE  187     3.342
 TAKE  187     8.788
 WAIT  187    45.641
 FSOL  187   584.862
 FFLU  187     0.000
 PSOL  187     0.000
 PFLU  187     0.000
 FEXT  187     0.000
 FULL  187   659.550
 TSTEP 187     8.430
 IO    187     4.753
 INIT  187     0.000
 GIVE  188     2.584
 TAKE  188     5.632
 WAIT  188    51.081
 FSOL  188   583.228
 FFLU  188     0.000
 PSOL  188     0.000
 PFLU  188     0.000
 FEXT  188     0.000
 FULL  188   659.551
 TSTEP 188     8.537
 IO    188     4.827
 INIT  188     0.000
 GIVE  189     5.782
 TAKE  189     8.908
 WAIT  189    45.207
 FSOL  189   585.201
 FFLU  189     0.000
 PSOL  189     0.000
 PFLU  189     0.000
 FEXT  189     0.000
 FULL  189   659.552
 TSTEP 189     5.958
 IO    189     1.531
 INIT  189     0.000
 GIVE  190     3.658
 TAKE  190     8.982
 WAIT  190    58.754
 FSOL  190   572.678
 FFLU  190     0.000
 PSOL  190     0.000
 PFLU  190     0.000
 FEXT  190     0.000
 FULL  190   659.550
 TSTEP 190     7.006
 IO    190     4.612
 INIT  190     0.000
 GIVE  191     3.513
 TAKE  191     9.478
 WAIT  191    66.617
 FSOL  191   564.439
 FFLU  191     0.000
 PSOL  191     0.000
 PFLU  191     0.000
 FEXT  191     0.000
 FULL  191   659.555
 TSTEP 191     7.030
 IO    191     1.372
 INIT  191     0.000
 GIVE  192     3.265
 TAKE  192     5.282
 WAIT  192    16.278
 FSOL  192   622.266
 FFLU  192     0.000
 PSOL  192     0.000
 PFLU  192     0.000
 FEXT  192     0.020
 FULL  192   659.552
 TSTEP 192     3.987
 IO    192     3.575
 INIT  192     0.000
 GIVE  193     4.045
 TAKE  193     9.527
 WAIT  193    18.103
 FSOL  193   616.455
 FFLU  193     0.000
 PSOL  193     0.000
 PFLU  193     0.000
 FEXT  193     0.000
 FULL  193   659.546
 TSTEP 193     2.953
 IO    193     1.683
 INIT  193     0.000
 GIVE  194     3.570
 TAKE  194     9.182
 WAIT  194    12.913
 FSOL  194   622.484
 FFLU  194     0.000
 PSOL  194     0.000
 PFLU  194     0.000
 FEXT  194     0.000
 FULL  194   659.548
 TSTEP 194     2.917
 IO    194     1.475
 INIT  194     0.000
 GIVE  195     2.985
 TAKE  195     4.737
 WAIT  195    29.557
 FSOL  195   609.760
 FFLU  195     0.000
 PSOL  195     0.000
 PFLU  195     0.000
 FEXT  195     0.000
 FULL  195   659.549
 TSTEP 195     4.039
 IO    195     1.386
 INIT  195     0.000
 GIVE  196     2.906
 TAKE  196     4.389
 WAIT  196    42.338
 FSOL  196   597.142
 FFLU  196     0.000
 PSOL  196     0.000
 PFLU  196     0.000
 FEXT  196     0.000
 FULL  196   659.551
 TSTEP 196     4.306
 IO    196     5.192
 INIT  196     0.000
 GIVE  197     3.670
 TAKE  197     8.210
 WAIT  197    17.577
 FSOL  197   618.685
 FFLU  197     0.000
 PSOL  197     0.000
 PFLU  197     0.000
 FEXT  197     0.000
 FULL  197   659.553
 TSTEP 197     2.945
 IO    197     1.821
 INIT  197     0.000
 GIVE  198     3.033
 TAKE  198     3.207
 WAIT  198    36.519
 FSOL  198   600.689
 FFLU  198     0.000
 PSOL  198     0.000
 PFLU  198     0.000
 FEXT  198     0.000
 FULL  198   659.547
 TSTEP 198     7.619
 IO    198     5.529
 INIT  198     0.000
 GIVE  199     2.891
 TAKE  199     4.943
 WAIT  199    17.912
 FSOL  199   621.324
 FFLU  199     0.000
 PSOL  199     0.000
 PFLU  199     0.000
 FEXT  199     0.000
 FULL  199   659.547
 TSTEP 199     4.020
 IO    199     4.215
 INIT  199     0.000
 GIVE  200     3.106
 TAKE  200     4.862
 WAIT  200    21.375
 FSOL  200   617.714
 FFLU  200     0.000
 PSOL  200     0.000
 PFLU  200     0.000
 FEXT  200     0.000
 FULL  200   659.550
 TSTEP 200     4.035
 IO    200     5.061
 INIT  200     0.000
 GIVE  201     2.956
 TAKE  201     3.155
 WAIT  201    24.357
 FSOL  201   613.241
 FFLU  201     0.000
 PSOL  201     0.000
 PFLU  201     0.000
 FEXT  201     0.000
 FULL  201   659.547
 TSTEP 201     7.356
 IO    201     4.576
 INIT  201     0.000
 GIVE  202     2.838
 TAKE  202     8.158
 WAIT  202    43.413
 FSOL  202   593.665
 FFLU  202     0.000
 PSOL  202     0.000
 PFLU  202     0.000
 FEXT  202     0.000
 FULL  202   659.555
 TSTEP 202     2.994
 IO    202     5.459
 INIT  202     0.000
 GIVE  203     3.949
 TAKE  203    12.302
 WAIT  203    39.471
 FSOL  203   592.419
 FFLU  203     0.000
 PSOL  203     0.000
 PFLU  203     0.000
 FEXT  203     0.000
 FULL  203   659.554
 TSTEP 203     2.922
 IO    203     5.373
 INIT  203     0.000
 GIVE  204     3.075
 TAKE  204     3.812
 WAIT  204    32.357
 FSOL  204   610.643
 FFLU  204     0.000
 PSOL  204     0.000
 PFLU  204     0.000
 FEXT  204     0.000
 FULL  204   659.546
 TSTEP 204     1.203
 IO    204     5.753
 INIT  204     0.000
 GIVE  205     3.235
 TAKE  205     6.063
 WAIT  205     4.021
 FSOL  205   637.061
 FFLU  205     0.000
 PSOL  205     0.000
 PFLU  205     0.000
 FEXT  205     0.000
 FULL  205   659.546
 TSTEP 205     0.736
 IO    205     2.008
 INIT  205     0.000
 GIVE  206     3.280
 TAKE  206     6.159
 WAIT  206     2.827
 FSOL  206   638.093
 FFLU  206     0.000
 PSOL  206     0.000
 PFLU  206     0.000
 FEXT  206     0.000
 FULL  206   659.548
 TSTEP 206     0.716
 IO    206     4.854
 INIT  206     0.000
 GIVE  207     3.706
 TAKE  207     8.638
 WAIT  207     2.370
 FSOL  207   635.741
 FFLU  207     0.000
 PSOL  207     0.000
 PFLU  207     0.000
 FEXT  207     0.000
 FULL  207   659.546
 TSTEP 207     0.661
 IO    207     4.198
 INIT  207     0.000
 GIVE  208     3.499
 TAKE  208     7.871
 WAIT  208     6.141
 FSOL  208   632.881
 FFLU  208     0.000
 PSOL  208     0.000
 PFLU  208     0.000
 FEXT  208     0.000
 FULL  208   659.552
 TSTEP 208     0.700
 IO    208     3.311
 INIT  208     0.000
 GIVE  209     2.654
 TAKE  209     3.994
 WAIT  209     6.185
 FSOL  209   637.406
 FFLU  209     0.000
 PSOL  209     0.000
 PFLU  209     0.000
 FEXT  209     0.000
 FULL  209   659.549
 TSTEP 209     0.825
 IO    209     3.277
 INIT  209     0.000
 GIVE  210     2.750
 TAKE  210     4.207
 WAIT  210    34.799
 FSOL  210   608.212
 FFLU  210     0.000
 PSOL  210     0.000
 PFLU  210     0.000
 FEXT  210     0.000
 FULL  210   659.553
 TSTEP 210     1.090
 IO    210     1.542
 INIT  210     0.000
 GIVE  211     3.045
 TAKE  211     5.338
 WAIT  211    23.496
 FSOL  211   618.283
 FFLU  211     0.000
 PSOL  211     0.000
 PFLU  211     0.000
 FEXT  211     0.000
 FULL  211   659.551
 TSTEP 211     0.903
 IO    211     3.671
 INIT  211     0.000
 GIVE  212     2.871
 TAKE  212     5.358
 WAIT  212     5.566
 FSOL  212   636.552
 FFLU  212     0.000
 PSOL  212     0.000
 PFLU  212     0.000
 FEXT  212     0.000
 FULL  212   659.550
 TSTEP 212     0.757
 IO    212     5.838
 INIT  212     0.000
 GIVE  213     3.030
 TAKE  213     5.726
 WAIT  213     4.445
 FSOL  213   637.144
 FFLU  213     0.000
 PSOL  213     0.000
 PFLU  213     0.000
 FEXT  213     0.000
 FULL  213   659.546
 TSTEP 213     0.715
 IO    213     0.548
 INIT  213     0.000
 GIVE  214     2.212
 TAKE  214     3.718
 WAIT  214    26.207
 FSOL  214   617.924
 FFLU  214     0.000
 PSOL  214     0.000
 PFLU  214     0.000
 FEXT  214     0.000
 FULL  214   659.548
 TSTEP 214     1.041
 IO    214     1.393
 INIT  214     0.000
 GIVE  215     3.277
 TAKE  215     7.364
 WAIT  215     2.593
 FSOL  215   637.195
 FFLU  215     0.000
 PSOL  215     0.000
 PFLU  215     0.000
 FEXT  215     0.000
 FULL  215   659.546
 TSTEP 215     0.679
 IO    215     3.629
 INIT  215     0.000
