 GIVE    0     0.098
 TAKE    0     0.165
 WAIT    0     0.488
 FSOL    0    36.259
 FFLU    0     0.000
 PSOL    0     0.000
 PFLU    0     0.000
 FEXT    0     0.000
 FULL    0    46.184
 TSTEP   0     0.060
 IO      0     2.292
 INIT    0     0.000
 GIVE    1     0.111
 TAKE    1     0.111
 WAIT    1     1.548
 FSOL    1    35.213
 FFLU    1     0.000
 PSOL    1     0.000
 PFLU    1     0.000
 FEXT    1     0.000
 FULL    1    46.196
 TSTEP   1     0.091
 IO      1     2.169
 INIT    1     0.000
 GIVE    2     0.159
 TAKE    2     0.303
 WAIT    2     1.851
 FSOL    2    34.683
 FFLU    2     0.000
 PSOL    2     0.000
 PFLU    2     0.000
 FEXT    2     0.000
 FULL    2    46.183
 TSTEP   2     0.080
 IO      2     2.223
 INIT    2     0.000
 GIVE    3     0.157
 TAKE    3     0.334
 WAIT    3     0.289
 FSOL    3    36.229
 FFLU    3     0.000
 PSOL    3     0.000
 PFLU    3     0.000
 FEXT    3     0.000
 FULL    3    46.181
 TSTEP   3     0.066
 IO      3     3.275
 INIT    3     0.000
 GIVE    4     0.119
 TAKE    4     0.209
 WAIT    4     2.224
 FSOL    4    34.410
 FFLU    4     0.000
 PSOL    4     0.000
 PFLU    4     0.000
 FEXT    4     0.000
 FULL    4    46.184
 TSTEP   4     0.111
 IO      4     3.301
 INIT    4     0.000
 GIVE    5     0.178
 TAKE    5     0.438
 WAIT    5     1.106
 FSOL    5    35.292
 FFLU    5     0.000
 PSOL    5     0.000
 PFLU    5     0.000
 FEXT    5     0.000
 FULL    5    46.186
 TSTEP   5     0.063
 IO      5     3.274
 INIT    5     0.000
 GIVE    6     0.205
 TAKE    6     0.345
 WAIT    6     0.443
 FSOL    6    36.013
 FFLU    6     0.000
 PSOL    6     0.000
 PFLU    6     0.000
 FEXT    6     0.000
 FULL    6    46.186
 TSTEP   6     0.097
 IO      6     2.378
 INIT    6     0.000
 GIVE    7     0.117
 TAKE    7     0.135
 WAIT    7     1.575
 FSOL    7    35.155
 FFLU    7     0.000
 PSOL    7     0.000
 PFLU    7     0.000
 FEXT    7     0.000
 FULL    7    46.195
 TSTEP   7     0.108
 IO      7     3.276
 INIT    7     0.000
 GIVE    8     0.190
 TAKE    8     0.342
 WAIT    8     1.187
 FSOL    8    35.270
 FFLU    8     0.000
 PSOL    8     0.000
 PFLU    8     0.000
 FEXT    8     0.000
 FULL    8    46.198
 TSTEP   8     0.092
 IO      8     2.165
 INIT    8     0.000
 GIVE    9     0.184
 TAKE    9     0.416
 WAIT    9     0.387
 FSOL    9    36.016
 FFLU    9     0.000
 PSOL    9     0.000
 PFLU    9     0.000
 FEXT    9     0.000
 FULL    9    46.184
 TSTEP   9     0.082
 IO      9     3.926
 INIT    9     0.000
 GIVE   10     0.188
 TAKE   10     0.324
 WAIT   10     0.444
 FSOL   10    36.067
 FFLU   10     0.000
 PSOL   10     0.000
 PFLU   10     0.000
 FEXT   10     0.000
 FULL   10    46.196
 TSTEP  10     0.097
 IO     10     3.274
 INIT   10     0.000
 GIVE   11     0.123
 TAKE   11     0.254
 WAIT   11     0.482
 FSOL   11    36.149
 FFLU   11     0.000
 PSOL   11     0.000
 PFLU   11     0.000
 FEXT   11     0.000
 FULL   11    46.194
 TSTEP  11     0.068
 IO     11     2.330
 INIT   11     0.000
 GIVE   12     0.117
 TAKE   12     0.247
 WAIT   12     2.866
 FSOL   12    33.689
 FFLU   12     0.000
 PSOL   12     0.000
 PFLU   12     0.000
 FEXT   12     0.000
 FULL   12    46.198
 TSTEP  12     0.163
 IO     12     3.282
 INIT   12     0.000
 GIVE   13     0.184
 TAKE   13     0.251
 WAIT   13     1.172
 FSOL   13    35.250
 FFLU   13     0.000
 PSOL   13     0.000
 PFLU   13     0.000
 FEXT   13     0.000
 FULL   13    46.194
 TSTEP  13     0.258
 IO     13     3.287
 INIT   13     0.000
 GIVE   14     0.136
 TAKE   14     0.109
 WAIT   14     2.054
 FSOL   14    34.415
 FFLU   14     0.000
 PSOL   14     0.000
 PFLU   14     0.000
 FEXT   14     0.000
 FULL   14    46.195
 TSTEP  14     0.358
 IO     14     3.298
 INIT   14     0.000
 GIVE   15     0.150
 TAKE   15     0.122
 WAIT   15     2.074
 FSOL   15    34.368
 FFLU   15     0.000
 PSOL   15     0.000
 PFLU   15     0.000
 FEXT   15     0.000
 FULL   15    46.198
 TSTEP  15     0.354
 IO     15     3.298
 INIT   15     0.000
 GIVE   16     0.146
 TAKE   16     0.344
 WAIT   16     2.238
 FSOL   16    34.191
 FFLU   16     0.000
 PSOL   16     0.000
 PFLU   16     0.000
 FEXT   16     0.000
 FULL   16    46.197
 TSTEP  16     0.155
 IO     16     3.282
 INIT   16     0.000
 GIVE   17     0.161
 TAKE   17     0.376
 WAIT   17     2.963
 FSOL   17    33.426
 FFLU   17     0.000
 PSOL   17     0.000
 PFLU   17     0.000
 FEXT   17     0.000
 FULL   17    46.198
 TSTEP  17     0.156
 IO     17     2.380
 INIT   17     0.000
 GIVE   18     0.201
 TAKE   18     0.484
 WAIT   18     1.567
 FSOL   18    34.723
 FFLU   18     0.000
 PSOL   18     0.000
 PFLU   18     0.000
 FEXT   18     0.000
 FULL   18    46.197
 TSTEP  18     0.145
 IO     18     3.279
 INIT   18     0.000
 GIVE   19     0.162
 TAKE   19     0.225
 WAIT   19     2.902
 FSOL   19    33.628
 FFLU   19     0.000
 PSOL   19     0.000
 PFLU   19     0.000
 FEXT   19     0.000
 FULL   19    46.198
 TSTEP  19     0.196
 IO     19     3.291
 INIT   19     0.000
 GIVE   20     0.146
 TAKE   20     0.322
 WAIT   20     2.390
 FSOL   20    34.114
 FFLU   20     0.000
 PSOL   20     0.000
 PFLU   20     0.000
 FEXT   20     0.000
 FULL   20    46.198
 TSTEP  20     0.166
 IO     20     4.006
 INIT   20     0.000
 GIVE   21     0.178
 TAKE   21     0.475
 WAIT   21     1.633
 FSOL   21    34.705
 FFLU   21     0.000
 PSOL   21     0.000
 PFLU   21     0.000
 FEXT   21     0.000
 FULL   21    46.198
 TSTEP  21     0.150
 IO     21     2.330
 INIT   21     0.000
 GIVE   22     0.183
 TAKE   22     0.484
 WAIT   22     2.608
 FSOL   22    33.710
 FFLU   22     0.000
 PSOL   22     0.000
 PFLU   22     0.000
 FEXT   22     0.000
 FULL   22    46.184
 TSTEP  22     0.154
 IO     22     3.281
 INIT   22     0.000
 GIVE   23     0.156
 TAKE   23     0.243
 WAIT   23     1.215
 FSOL   23    35.265
 FFLU   23     0.000
 PSOL   23     0.000
 PFLU   23     0.000
 FEXT   23     0.000
 FULL   23    46.198
 TSTEP  23     0.258
 IO     23     3.282
 INIT   23     0.000
 GIVE   24     0.438
 TAKE   24     0.484
 WAIT   24     1.604
 FSOL   24    34.296
 FFLU   24     0.000
 PSOL   24     0.000
 PFLU   24     0.000
 FEXT   24     0.000
 FULL   24    45.976
 TSTEP  24     0.315
 IO     24     7.219
 INIT   24     0.000
 GIVE   25     0.414
 TAKE   25     0.492
 WAIT   25     1.960
 FSOL   25    33.937
 FFLU   25     0.000
 PSOL   25     0.000
 PFLU   25     0.000
 FEXT   25     0.000
 FULL   25    45.970
 TSTEP  25     0.314
 IO     25     2.468
 INIT   25     0.000
 GIVE   26     0.185
 TAKE   26     0.450
 WAIT   26     3.467
 FSOL   26    32.680
 FFLU   26     0.000
 PSOL   26     0.000
 PFLU   26     0.000
 FEXT   26     0.000
 FULL   26    45.972
 TSTEP  26     0.349
 IO     26     5.832
 INIT   26     0.000
 GIVE   27     0.111
 TAKE   27     0.197
 WAIT   27     1.820
 FSOL   27    34.486
 FFLU   27     0.000
 PSOL   27     0.000
 PFLU   27     0.000
 FEXT   27     0.000
 FULL   27    45.967
 TSTEP  27     0.497
 IO     27     6.984
 INIT   27     0.000
 GIVE   28     0.119
 TAKE   28     0.114
 WAIT   28     3.559
 FSOL   28    32.645
 FFLU   28     0.000
 PSOL   28     0.000
 PFLU   28     0.000
 FEXT   28     0.000
 FULL   28    45.976
 TSTEP  28     0.617
 IO     28     4.098
 INIT   28     0.000
 GIVE   29     0.185
 TAKE   29     0.396
 WAIT   29     1.668
 FSOL   29    34.379
 FFLU   29     0.000
 PSOL   29     0.000
 PFLU   29     0.000
 FEXT   29     0.000
 FULL   29    45.967
 TSTEP  29     0.485
 IO     29     7.016
 INIT   29     0.000
 GIVE   30     0.127
 TAKE   30     0.122
 WAIT   30     3.022
 FSOL   30    33.164
 FFLU   30     0.000
 PSOL   30     0.000
 PFLU   30     0.000
 FEXT   30     0.000
 FULL   30    45.972
 TSTEP  30     0.635
 IO     30     5.226
 INIT   30     0.000
 GIVE   31     0.123
 TAKE   31     0.128
 WAIT   31     3.014
 FSOL   31    33.172
 FFLU   31     0.000
 PSOL   31     0.000
 PFLU   31     0.000
 FEXT   31     0.000
 FULL   31    45.966
 TSTEP  31     0.634
 IO     31     1.186
 INIT   31     0.000
 GIVE   32     0.211
 TAKE   32     0.280
 WAIT   32     2.452
 FSOL   32    33.635
 FFLU   32     0.000
 PSOL   32     0.000
 PFLU   32     0.000
 FEXT   32     0.000
 FULL   32    45.966
 TSTEP  32     0.529
 IO     32     2.300
 INIT   32     0.000
 GIVE   33     0.132
 TAKE   33     0.235
 WAIT   33     2.903
 FSOL   33    33.410
 FFLU   33     0.000
 PSOL   33     0.000
 PFLU   33     0.000
 FEXT   33     0.000
 FULL   33    45.967
 TSTEP  33     0.436
 IO     33     7.094
 INIT   33     0.000
 GIVE   34     0.229
 TAKE   34     0.351
 WAIT   34     2.669
 FSOL   34    33.570
 FFLU   34     0.000
 PSOL   34     0.000
 PFLU   34     0.000
 FEXT   34     0.000
 FULL   34    45.968
 TSTEP  34     0.270
 IO     34     5.716
 INIT   34     0.000
 GIVE   35     0.222
 TAKE   35     0.462
 WAIT   35     3.735
 FSOL   35    32.431
 FFLU   35     0.000
 PSOL   35     0.000
 PFLU   35     0.000
 FEXT   35     0.000
 FULL   35    45.974
 TSTEP  35     0.272
 IO     35     4.014
 INIT   35     0.000
 GIVE   36     0.136
 TAKE   36     0.189
 WAIT   36     2.370
 FSOL   36    33.995
 FFLU   36     0.000
 PSOL   36     0.000
 PFLU   36     0.000
 FEXT   36     0.000
 FULL   36    45.968
 TSTEP  36     0.391
 IO     36     7.067
 INIT   36     0.000
 GIVE   37     0.167
 TAKE   37     0.200
 WAIT   37     2.425
 FSOL   37    33.928
 FFLU   37     0.000
 PSOL   37     0.000
 PFLU   37     0.000
 FEXT   37     0.000
 FULL   37    45.968
 TSTEP  37     0.392
 IO     37     2.127
 INIT   37     0.000
 GIVE   38     0.220
 TAKE   38     0.539
 WAIT   38     2.915
 FSOL   38    33.217
 FFLU   38     0.000
 PSOL   38     0.000
 PFLU   38     0.000
 FEXT   38     0.000
 FULL   38    45.967
 TSTEP  38     0.236
 IO     38     6.782
 INIT   38     0.000
 GIVE   39     0.138
 TAKE   39     0.322
 WAIT   39     3.071
 FSOL   39    33.326
 FFLU   39     0.000
 PSOL   39     0.000
 PFLU   39     0.000
 FEXT   39     0.000
 FULL   39    45.967
 TSTEP  39     0.240
 IO     39     6.944
 INIT   39     0.000
 GIVE   40     0.184
 TAKE   40     0.356
 WAIT   40     1.184
 FSOL   40    35.092
 FFLU   40     0.000
 PSOL   40     0.000
 PFLU   40     0.000
 FEXT   40     0.000
 FULL   40    45.966
 TSTEP  40     0.317
 IO     40     4.443
 INIT   40     0.000
 GIVE   41     0.182
 TAKE   41     0.355
 WAIT   41     1.386
 FSOL   41    34.858
 FFLU   41     0.000
 PSOL   41     0.000
 PFLU   41     0.000
 FEXT   41     0.000
 FULL   41    45.968
 TSTEP  41     0.355
 IO     41     5.207
 INIT   41     0.000
 GIVE   42     0.173
 TAKE   42     0.437
 WAIT   42     1.877
 FSOL   42    34.324
 FFLU   42     0.000
 PSOL   42     0.000
 PFLU   42     0.000
 FEXT   42     0.000
 FULL   42    45.967
 TSTEP  42     0.320
 IO     42     6.744
 INIT   42     0.000
 GIVE   43     0.171
 TAKE   43     0.276
 WAIT   43     1.047
 FSOL   43    35.211
 FFLU   43     0.000
 PSOL   43     0.000
 PFLU   43     0.000
 FEXT   43     0.000
 FULL   43    45.966
 TSTEP  43     0.416
 IO     43     2.045
 INIT   43     0.000
 GIVE   44     0.164
 TAKE   44     0.201
 WAIT   44     1.452
 FSOL   44    34.816
 FFLU   44     0.000
 PSOL   44     0.000
 PFLU   44     0.000
 FEXT   44     0.000
 FULL   44    45.968
 TSTEP  44     0.468
 IO     44     4.938
 INIT   44     0.000
 GIVE   45     0.167
 TAKE   45     0.269
 WAIT   45     2.130
 FSOL   45    34.123
 FFLU   45     0.000
 PSOL   45     0.000
 PFLU   45     0.000
 FEXT   45     0.000
 FULL   45    45.966
 TSTEP  45     0.426
 IO     45     7.092
 INIT   45     0.000
 GIVE   46     0.238
 TAKE   46     0.455
 WAIT   46     0.858
 FSOL   46    35.217
 FFLU   46     0.000
 PSOL   46     0.000
 PFLU   46     0.000
 FEXT   46     0.000
 FULL   46    45.966
 TSTEP  46     0.348
 IO     46     7.121
 INIT   46     0.000
 GIVE   47     0.158
 TAKE   47     0.180
 WAIT   47     2.505
 FSOL   47    33.848
 FFLU   47     0.000
 PSOL   47     0.000
 PFLU   47     0.000
 FEXT   47     0.000
 FULL   47    45.968
 TSTEP  47     0.427
 IO     47     4.907
 INIT   47     0.000
 GIVE   48     0.207
 TAKE   48     0.379
 WAIT   48     1.964
 FSOL   48    34.277
 FFLU   48     0.000
 PSOL   48     0.000
 PFLU   48     0.000
 FEXT   48     0.000
 FULL   48    46.019
 TSTEP  48     0.305
 IO     48     4.931
 INIT   48     0.000
 GIVE   49     0.157
 TAKE   49     0.256
 WAIT   49     2.248
 FSOL   49    34.154
 FFLU   49     0.000
 PSOL   49     0.000
 PFLU   49     0.000
 FEXT   49     0.000
 FULL   49    46.018
 TSTEP  49     0.316
 IO     49     4.703
 INIT   49     0.000
 GIVE   50     0.251
 TAKE   50     0.487
 WAIT   50     1.189
 FSOL   50    34.965
 FFLU   50     0.000
 PSOL   50     0.000
 PFLU   50     0.000
 FEXT   50     0.000
 FULL   50    46.017
 TSTEP  50     0.250
 IO     50     5.410
 INIT   50     0.000
 GIVE   51     0.181
 TAKE   51     0.338
 WAIT   51     2.488
 FSOL   51    33.864
 FFLU   51     0.000
 PSOL   51     0.000
 PFLU   51     0.000
 FEXT   51     0.000
 FULL   51    46.015
 TSTEP  51     0.260
 IO     51     2.056
 INIT   51     0.000
 GIVE   52     0.164
 TAKE   52     0.347
 WAIT   52     1.820
 FSOL   52    34.501
 FFLU   52     0.000
 PSOL   52     0.000
 PFLU   52     0.000
 FEXT   52     0.000
 FULL   52    46.016
 TSTEP  52     0.309
 IO     52     2.111
 INIT   52     0.000
 GIVE   53     0.205
 TAKE   53     0.458
 WAIT   53     1.833
 FSOL   53    34.342
 FFLU   53     0.000
 PSOL   53     0.000
 PFLU   53     0.000
 FEXT   53     0.000
 FULL   53    46.016
 TSTEP  53     0.305
 IO     53     6.087
 INIT   53     0.000
 GIVE   54     0.168
 TAKE   54     0.411
 WAIT   54     1.506
 FSOL   54    34.727
 FFLU   54     0.000
 PSOL   54     0.000
 PFLU   54     0.000
 FEXT   54     0.000
 FULL   54    46.018
 TSTEP  54     0.314
 IO     54     3.128
 INIT   54     0.000
 GIVE   55     0.185
 TAKE   55     0.171
 WAIT   55     1.002
 FSOL   55    35.294
 FFLU   55     0.000
 PSOL   55     0.000
 PFLU   55     0.000
 FEXT   55     0.000
 FULL   55    46.015
 TSTEP  55     0.433
 IO     55     2.875
 INIT   55     0.000
 GIVE   56     0.116
 TAKE   56     0.169
 WAIT   56     2.327
 FSOL   56    34.117
 FFLU   56     0.000
 PSOL   56     0.000
 PFLU   56     0.000
 FEXT   56     0.000
 FULL   56    46.019
 TSTEP  56     0.367
 IO     56     6.190
 INIT   56     0.000
 GIVE   57     0.237
 TAKE   57     0.445
 WAIT   57     0.790
 FSOL   57    35.354
 FFLU   57     0.000
 PSOL   57     0.000
 PFLU   57     0.000
 FEXT   57     0.000
 FULL   57    46.017
 TSTEP  57     0.307
 IO     57     5.822
 INIT   57     0.000
 GIVE   58     0.114
 TAKE   58     0.176
 WAIT   58     1.563
 FSOL   58    34.892
 FFLU   58     0.000
 PSOL   58     0.000
 PFLU   58     0.000
 FEXT   58     0.000
 FULL   58    46.017
 TSTEP  58     0.359
 IO     58     6.518
 INIT   58     0.000
 GIVE   59     0.175
 TAKE   59     0.280
 WAIT   59     1.677
 FSOL   59    34.595
 FFLU   59     0.000
 PSOL   59     0.000
 PFLU   59     0.000
 FEXT   59     0.000
 FULL   59    46.019
 TSTEP  59     0.378
 IO     59     5.411
 INIT   59     0.000
 GIVE   60     0.191
 TAKE   60     0.424
 WAIT   60     1.814
 FSOL   60    34.353
 FFLU   60     0.000
 PSOL   60     0.000
 PFLU   60     0.000
 FEXT   60     0.000
 FULL   60    46.015
 TSTEP  60     0.351
 IO     60     6.339
 INIT   60     0.000
 GIVE   61     0.172
 TAKE   61     0.284
 WAIT   61     2.506
 FSOL   61    33.736
 FFLU   61     0.000
 PSOL   61     0.000
 PFLU   61     0.000
 FEXT   61     0.000
 FULL   61    46.017
 TSTEP  61     0.410
 IO     61     5.942
 INIT   61     0.000
 GIVE   62     0.304
 TAKE   62     0.559
 WAIT   62     1.076
 FSOL   62    34.867
 FFLU   62     0.000
 PSOL   62     0.000
 PFLU   62     0.000
 FEXT   62     0.000
 FULL   62    46.020
 TSTEP  62     0.334
 IO     62     2.445
 INIT   62     0.000
 GIVE   63     0.166
 TAKE   63     0.446
 WAIT   63     2.625
 FSOL   63    33.560
 FFLU   63     0.000
 PSOL   63     0.000
 PFLU   63     0.000
 FEXT   63     0.000
 FULL   63    46.022
 TSTEP  63     0.341
 IO     63     6.861
 INIT   63     0.000
 GIVE   64     0.175
 TAKE   64     0.282
 WAIT   64     1.782
 FSOL   64    34.472
 FFLU   64     0.000
 PSOL   64     0.000
 PFLU   64     0.000
 FEXT   64     0.000
 FULL   64    46.021
 TSTEP  64     0.404
 IO     64     6.720
 INIT   64     0.000
 GIVE   65     0.204
 TAKE   65     0.487
 WAIT   65     1.968
 FSOL   65    34.120
 FFLU   65     0.000
 PSOL   65     0.000
 PFLU   65     0.000
 FEXT   65     0.000
 FULL   65    46.015
 TSTEP  65     0.350
 IO     65     5.836
 INIT   65     0.000
 GIVE   66     0.199
 TAKE   66     0.457
 WAIT   66     1.860
 FSOL   66    34.271
 FFLU   66     0.000
 PSOL   66     0.000
 PFLU   66     0.000
 FEXT   66     0.000
 FULL   66    46.015
 TSTEP  66     0.351
 IO     66     2.260
 INIT   66     0.000
 GIVE   67     0.106
 TAKE   67     0.100
 WAIT   67     1.603
 FSOL   67    34.735
 FFLU   67     0.000
 PSOL   67     0.000
 PFLU   67     0.000
 FEXT   67     0.000
 FULL   67    46.018
 TSTEP  67     0.518
 IO     67     6.002
 INIT   67     0.000
 GIVE   68     0.157
 TAKE   68     0.250
 WAIT   68     1.887
 FSOL   68    34.342
 FFLU   68     0.000
 PSOL   68     0.000
 PFLU   68     0.000
 FEXT   68     0.000
 FULL   68    46.017
 TSTEP  68     0.476
 IO     68     6.503
 INIT   68     0.000
 GIVE   69     0.145
 TAKE   69     0.198
 WAIT   69     2.149
 FSOL   69    34.145
 FFLU   69     0.000
 PSOL   69     0.000
 PFLU   69     0.000
 FEXT   69     0.000
 FULL   69    46.018
 TSTEP  69     0.483
 IO     69     4.710
 INIT   69     0.000
 GIVE   70     0.110
 TAKE   70     0.148
 WAIT   70     0.886
 FSOL   70    35.484
 FFLU   70     0.000
 PSOL   70     0.000
 PFLU   70     0.000
 FEXT   70     0.000
 FULL   70    46.015
 TSTEP  70     0.473
 IO     70     6.548
 INIT   70     0.000
 GIVE   71     0.088
 TAKE   71     0.113
 WAIT   71     2.170
 FSOL   71    34.168
 FFLU   71     0.000
 PSOL   71     0.000
 PFLU   71     0.000
 FEXT   71     0.000
 FULL   71    46.020
 TSTEP  71     0.556
 IO     71     4.745
 INIT   71     0.000
 GIVE   72     0.249
 TAKE   72     0.349
 WAIT   72     0.441
 FSOL   72    35.626
 FFLU   72     0.000
 PSOL   72     0.000
 PFLU   72     0.000
 FEXT   72     0.000
 FULL   72    45.996
 TSTEP  72     0.454
 IO     72     4.907
 INIT   72     0.000
 GIVE   73     0.179
 TAKE   73     0.410
 WAIT   73     1.137
 FSOL   73    34.979
 FFLU   73     0.000
 PSOL   73     0.000
 PFLU   73     0.000
 FEXT   73     0.000
 FULL   73    45.996
 TSTEP  73     0.416
 IO     73     5.892
 INIT   73     0.000
 GIVE   74     0.179
 TAKE   74     0.262
 WAIT   74     0.730
 FSOL   74    35.584
 FFLU   74     0.000
 PSOL   74     0.000
 PFLU   74     0.000
 FEXT   74     0.000
 FULL   74    45.996
 TSTEP  74     0.372
 IO     74     4.956
 INIT   74     0.000
 GIVE   75     0.165
 TAKE   75     0.375
 WAIT   75     1.236
 FSOL   75    34.952
 FFLU   75     0.000
 PSOL   75     0.000
 PFLU   75     0.000
 FEXT   75     0.000
 FULL   75    45.994
 TSTEP  75     0.389
 IO     75     2.483
 INIT   75     0.000
 GIVE   76     0.111
 TAKE   76     0.243
 WAIT   76     2.499
 FSOL   76    33.827
 FFLU   76     0.000
 PSOL   76     0.000
 PFLU   76     0.000
 FEXT   76     0.000
 FULL   76    45.994
 TSTEP  76     0.402
 IO     76     2.119
 INIT   76     0.000
 GIVE   77     0.121
 TAKE   77     0.262
 WAIT   77     2.259
 FSOL   77    34.019
 FFLU   77     0.000
 PSOL   77     0.000
 PFLU   77     0.000
 FEXT   77     0.000
 FULL   77    45.995
 TSTEP  77     0.444
 IO     77     2.828
 INIT   77     0.000
 GIVE   78     0.164
 TAKE   78     0.203
 WAIT   78     0.736
 FSOL   78    35.597
 FFLU   78     0.000
 PSOL   78     0.000
 PFLU   78     0.000
 FEXT   78     0.000
 FULL   78    45.994
 TSTEP  78     0.428
 IO     78     4.984
 INIT   78     0.000
 GIVE   79     0.169
 TAKE   79     0.179
 WAIT   79     0.834
 FSOL   79    35.489
 FFLU   79     0.000
 PSOL   79     0.000
 PFLU   79     0.000
 FEXT   79     0.000
 FULL   79    45.992
 TSTEP  79     0.398
 IO     79     4.948
 INIT   79     0.000
 GIVE   80     0.193
 TAKE   80     0.286
 WAIT   80     1.315
 FSOL   80    34.950
 FFLU   80     0.000
 PSOL   80     0.000
 PFLU   80     0.000
 FEXT   80     0.000
 FULL   80    45.995
 TSTEP  80     0.380
 IO     80     6.521
 INIT   80     0.000
 GIVE   81     0.212
 TAKE   81     0.406
 WAIT   81     1.440
 FSOL   81    34.708
 FFLU   81     0.000
 PSOL   81     0.000
 PFLU   81     0.000
 FEXT   81     0.000
 FULL   81    45.992
 TSTEP  81     0.321
 IO     81     6.525
 INIT   81     0.000
 GIVE   82     0.194
 TAKE   82     0.411
 WAIT   82     1.719
 FSOL   82    34.469
 FFLU   82     0.000
 PSOL   82     0.000
 PFLU   82     0.000
 FEXT   82     0.000
 FULL   82    45.995
 TSTEP  82     0.323
 IO     82     4.977
 INIT   82     0.000
 GIVE   83     0.127
 TAKE   83     0.157
 WAIT   83     2.554
 FSOL   83    33.807
 FFLU   83     0.000
 PSOL   83     0.000
 PFLU   83     0.000
 FEXT   83     0.000
 FULL   83    45.992
 TSTEP  83     0.422
 IO     83     6.045
 INIT   83     0.000
 GIVE   84     0.157
 TAKE   84     0.149
 WAIT   84     1.499
 FSOL   84    34.890
 FFLU   84     0.000
 PSOL   84     0.000
 PFLU   84     0.000
 FEXT   84     0.000
 FULL   84    45.993
 TSTEP  84     0.366
 IO     84     5.453
 INIT   84     0.000
 GIVE   85     0.164
 TAKE   85     0.141
 WAIT   85     2.302
 FSOL   85    34.046
 FFLU   85     0.000
 PSOL   85     0.000
 PFLU   85     0.000
 FEXT   85     0.000
 FULL   85    45.994
 TSTEP  85     0.407
 IO     85     5.194
 INIT   85     0.000
 GIVE   86     0.174
 TAKE   86     0.188
 WAIT   86     1.489
 FSOL   86    34.847
 FFLU   86     0.000
 PSOL   86     0.000
 PFLU   86     0.000
 FEXT   86     0.000
 FULL   86    45.995
 TSTEP  86     0.369
 IO     86     6.374
 INIT   86     0.000
 GIVE   87     0.164
 TAKE   87     0.405
 WAIT   87     2.296
 FSOL   87    33.961
 FFLU   87     0.000
 PSOL   87     0.000
 PFLU   87     0.000
 FEXT   87     0.000
 FULL   87    45.993
 TSTEP  87     0.309
 IO     87     5.062
 INIT   87     0.000
 GIVE   88     0.176
 TAKE   88     0.354
 WAIT   88     2.278
 FSOL   88    33.986
 FFLU   88     0.000
 PSOL   88     0.000
 PFLU   88     0.000
 FEXT   88     0.000
 FULL   88    45.996
 TSTEP  88     0.344
 IO     88     2.947
 INIT   88     0.000
 GIVE   89     0.196
 TAKE   89     0.475
 WAIT   89     1.654
 FSOL   89    34.508
 FFLU   89     0.000
 PSOL   89     0.000
 PFLU   89     0.000
 FEXT   89     0.000
 FULL   89    45.993
 TSTEP  89     0.302
 IO     89     2.882
 INIT   89     0.000
 GIVE   90     0.214
 TAKE   90     0.557
 WAIT   90     2.201
 FSOL   90    33.852
 FFLU   90     0.000
 PSOL   90     0.000
 PFLU   90     0.000
 FEXT   90     0.000
 FULL   90    45.995
 TSTEP  90     0.311
 IO     90     1.284
 INIT   90     0.000
 GIVE   91     0.173
 TAKE   91     0.416
 WAIT   91     2.247
 FSOL   91    33.968
 FFLU   91     0.000
 PSOL   91     0.000
 PFLU   91     0.000
 FEXT   91     0.000
 FULL   91    45.993
 TSTEP  91     0.329
 IO     91     4.971
 INIT   91     0.000
 GIVE   92     0.172
 TAKE   92     0.304
 WAIT   92     2.402
 FSOL   92    33.901
 FFLU   92     0.000
 PSOL   92     0.000
 PFLU   92     0.000
 FEXT   92     0.000
 FULL   92    45.995
 TSTEP  92     0.343
 IO     92     6.358
 INIT   92     0.000
 GIVE   93     0.174
 TAKE   93     0.213
 WAIT   93     0.780
 FSOL   93    35.553
 FFLU   93     0.000
 PSOL   93     0.000
 PFLU   93     0.000
 FEXT   93     0.000
 FULL   93    45.995
 TSTEP  93     0.344
 IO     93     2.409
 INIT   93     0.000
 GIVE   94     0.171
 TAKE   94     0.427
 WAIT   94     1.859
 FSOL   94    34.349
 FFLU   94     0.000
 PSOL   94     0.000
 PFLU   94     0.000
 FEXT   94     0.000
 FULL   94    45.995
 TSTEP  94     0.291
 IO     94     1.271
 INIT   94     0.000
 GIVE   95     0.174
 TAKE   95     0.450
 WAIT   95     2.400
 FSOL   95    33.814
 FFLU   95     0.000
 PSOL   95     0.000
 PFLU   95     0.000
 FEXT   95     0.000
 FULL   95    45.996
 TSTEP  95     0.298
 IO     95     6.116
 INIT   95     0.000
 GIVE   96     0.201
 TAKE   96     0.418
 WAIT   96     1.587
 FSOL   96    34.686
 FFLU   96     0.000
 PSOL   96     0.000
 PFLU   96     0.000
 FEXT   96     0.000
 FULL   96    45.998
 TSTEP  96     0.255
 IO     96     5.332
 INIT   96     0.000
 GIVE   97     0.175
 TAKE   97     0.325
 WAIT   97     1.786
 FSOL   97    34.534
 FFLU   97     0.000
 PSOL   97     0.000
 PFLU   97     0.000
 FEXT   97     0.000
 FULL   97    45.998
 TSTEP  97     0.317
 IO     97     3.151
 INIT   97     0.000
 GIVE   98     0.235
 TAKE   98     0.369
 WAIT   98     1.400
 FSOL   98    34.768
 FFLU   98     0.000
 PSOL   98     0.000
 PFLU   98     0.000
 FEXT   98     0.000
 FULL   98    45.996
 TSTEP  98     0.373
 IO     98     7.013
 INIT   98     0.000
 GIVE   99     0.183
 TAKE   99     0.175
 WAIT   99     1.943
 FSOL   99    34.429
 FFLU   99     0.000
 PSOL   99     0.000
 PFLU   99     0.000
 FEXT   99     0.000
 FULL   99    45.999
 TSTEP  99     0.400
 IO     99     6.644
 INIT   99     0.000
 GIVE  100     0.195
 TAKE  100     0.285
 WAIT  100     2.424
 FSOL  100    33.837
 FFLU  100     0.000
 PSOL  100     0.000
 PFLU  100     0.000
 FEXT  100     0.000
 FULL  100    45.995
 TSTEP 100     0.401
 IO    100     4.910
 INIT  100     0.000
 GIVE  101     0.173
 TAKE  101     0.426
 WAIT  101     1.648
 FSOL  101    34.572
 FFLU  101     0.000
 PSOL  101     0.000
 PFLU  101     0.000
 FEXT  101     0.002
 FULL  101    45.995
 TSTEP 101     0.251
 IO    101     1.348
 INIT  101     0.000
 GIVE  102     0.158
 TAKE  102     0.328
 WAIT  102     2.274
 FSOL  102    34.124
 FFLU  102     0.000
 PSOL  102     0.000
 PFLU  102     0.000
 FEXT  102     0.000
 FULL  102    45.994
 TSTEP 102     0.261
 IO    102     1.962
 INIT  102     0.000
 GIVE  103     0.186
 TAKE  103     0.327
 WAIT  103     0.585
 FSOL  103    35.727
 FFLU  103     0.000
 PSOL  103     0.000
 PFLU  103     0.000
 FEXT  103     0.000
 FULL  103    45.997
 TSTEP 103     0.305
 IO    103     5.985
 INIT  103     0.000
 GIVE  104     0.241
 TAKE  104     0.434
 WAIT  104     0.351
 FSOL  104    35.855
 FFLU  104     0.000
 PSOL  104     0.000
 PFLU  104     0.000
 FEXT  104     0.000
 FULL  104    45.994
 TSTEP 104     0.264
 IO    104     6.753
 INIT  104     0.000
 GIVE  105     0.287
 TAKE  105     0.498
 WAIT  105     0.323
 FSOL  105    35.792
 FFLU  105     0.000
 PSOL  105     0.000
 PFLU  105     0.000
 FEXT  105     0.000
 FULL  105    45.995
 TSTEP 105     0.247
 IO    105     4.809
 INIT  105     0.000
 GIVE  106     0.246
 TAKE  106     0.459
 WAIT  106     0.424
 FSOL  106    35.777
 FFLU  106     0.000
 PSOL  106     0.000
 PFLU  106     0.000
 FEXT  106     0.000
 FULL  106    45.995
 TSTEP 106     0.244
 IO    106     3.163
 INIT  106     0.000
 GIVE  107     0.158
 TAKE  107     0.300
 WAIT  107     2.084
 FSOL  107    34.321
 FFLU  107     0.000
 PSOL  107     0.000
 PFLU  107     0.000
 FEXT  107     0.000
 FULL  107    45.995
 TSTEP 107     0.278
 IO    107     6.403
 INIT  107     0.000
 GIVE  108     0.166
 TAKE  108     0.214
 WAIT  108     2.758
 FSOL  108    33.621
 FFLU  108     0.000
 PSOL  108     0.000
 PFLU  108     0.000
 FEXT  108     0.000
 FULL  108    45.996
 TSTEP 108     0.353
 IO    108     6.307
 INIT  108     0.000
 GIVE  109     0.161
 TAKE  109     0.414
 WAIT  109     2.129
 FSOL  109    34.231
 FFLU  109     0.000
 PSOL  109     0.000
 PFLU  109     0.000
 FEXT  109     0.000
 FULL  109    45.997
 TSTEP 109     0.203
 IO    109     7.060
 INIT  109     0.000
 GIVE  110     0.211
 TAKE  110     0.584
 WAIT  110     1.936
 FSOL  110    34.201
 FFLU  110     0.000
 PSOL  110     0.000
 PFLU  110     0.000
 FEXT  110     0.000
 FULL  110    45.994
 TSTEP 110     0.199
 IO    110     2.455
 INIT  110     0.000
 GIVE  111     0.157
 TAKE  111     0.408
 WAIT  111     1.987
 FSOL  111    34.370
 FFLU  111     0.000
 PSOL  111     0.000
 PFLU  111     0.000
 FEXT  111     0.000
 FULL  111    45.997
 TSTEP 111     0.201
 IO    111     7.056
 INIT  111     0.000
 GIVE  112     0.187
 TAKE  112     0.252
 WAIT  112     1.233
 FSOL  112    35.120
 FFLU  112     0.000
 PSOL  112     0.000
 PFLU  112     0.000
 FEXT  112     0.000
 FULL  112    45.995
 TSTEP 112     0.336
 IO    112     5.641
 INIT  112     0.000
 GIVE  113     0.163
 TAKE  113     0.423
 WAIT  113     2.196
 FSOL  113    34.155
 FFLU  113     0.000
 PSOL  113     0.000
 PFLU  113     0.000
 FEXT  113     0.000
 FULL  113    45.994
 TSTEP 113     0.205
 IO    113     4.019
 INIT  113     0.000
 GIVE  114     0.120
 TAKE  114     0.212
 WAIT  114     3.166
 FSOL  114    33.377
 FFLU  114     0.000
 PSOL  114     0.000
 PFLU  114     0.000
 FEXT  114     0.000
 FULL  114    45.996
 TSTEP 114     0.225
 IO    114     4.235
 INIT  114     0.000
 GIVE  115     0.102
 TAKE  115     0.250
 WAIT  115     3.177
 FSOL  115    33.355
 FFLU  115     0.000
 PSOL  115     0.000
 PFLU  115     0.000
 FEXT  115     0.000
 FULL  115    45.995
 TSTEP 115     0.218
 IO    115     6.221
 INIT  115     0.000
 GIVE  116     0.165
 TAKE  116     0.434
 WAIT  116     2.388
 FSOL  116    33.942
 FFLU  116     0.000
 PSOL  116     0.000
 PFLU  116     0.000
 FEXT  116     0.000
 FULL  116    45.996
 TSTEP 116     0.204
 IO    116     4.020
 INIT  116     0.000
 GIVE  117     0.164
 TAKE  117     0.137
 WAIT  117     2.399
 FSOL  117    33.945
 FFLU  117     0.000
 PSOL  117     0.000
 PFLU  117     0.000
 FEXT  117     0.000
 FULL  117    45.995
 TSTEP 117     0.456
 IO    117     3.191
 INIT  117     0.000
 GIVE  118     0.191
 TAKE  118     0.186
 WAIT  118     1.921
 FSOL  118    34.446
 FFLU  118     0.000
 PSOL  118     0.000
 PFLU  118     0.000
 FEXT  118     0.000
 FULL  118    45.995
 TSTEP 118     0.341
 IO    118     6.559
 INIT  118     0.000
 GIVE  119     0.187
 TAKE  119     0.185
 WAIT  119     1.895
 FSOL  119    34.479
 FFLU  119     0.000
 PSOL  119     0.000
 PFLU  119     0.000
 FEXT  119     0.000
 FULL  119    45.994
 TSTEP 119     0.349
 IO    119     5.437
 INIT  119     0.000
 GIVE  120     0.138
 TAKE  120     0.175
 WAIT  120     1.031
 FSOL  120    35.510
 FFLU  120     0.000
 PSOL  120     0.000
 PFLU  120     0.000
 FEXT  120     0.000
 FULL  120    46.008
 TSTEP 120     0.263
 IO    120     7.047
 INIT  120     0.000
 GIVE  121     0.098
 TAKE  121     0.088
 WAIT  121     1.439
 FSOL  121    35.152
 FFLU  121     0.000
 PSOL  121     0.000
 PFLU  121     0.000
 FEXT  121     0.000
 FULL  121    46.011
 TSTEP 121     0.325
 IO    121     2.990
 INIT  121     0.000
 GIVE  122     0.146
 TAKE  122     0.156
 WAIT  122     1.859
 FSOL  122    34.641
 FFLU  122     0.000
 PSOL  122     0.000
 PFLU  122     0.000
 FEXT  122     0.000
 FULL  122    46.012
 TSTEP 122     0.309
 IO    122     6.908
 INIT  122     0.000
 GIVE  123     0.102
 TAKE  123     0.094
 WAIT  123     1.953
 FSOL  123    34.629
 FFLU  123     0.000
 PSOL  123     0.000
 PFLU  123     0.000
 FEXT  123     0.000
 FULL  123    46.007
 TSTEP 123     0.330
 IO    123     6.283
 INIT  123     0.000
 GIVE  124     0.114
 TAKE  124     0.207
 WAIT  124     2.635
 FSOL  124    33.824
 FFLU  124     0.000
 PSOL  124     0.000
 PFLU  124     0.000
 FEXT  124     0.000
 FULL  124    46.011
 TSTEP 124     0.292
 IO    124     2.647
 INIT  124     0.000
 GIVE  125     0.183
 TAKE  125     0.360
 WAIT  125     1.074
 FSOL  125    35.234
 FFLU  125     0.000
 PSOL  125     0.000
 PFLU  125     0.000
 FEXT  125     0.000
 FULL  125    46.008
 TSTEP 125     0.275
 IO    125     6.519
 INIT  125     0.000
 GIVE  126     0.170
 TAKE  126     0.358
 WAIT  126     2.355
 FSOL  126    33.981
 FFLU  126     0.000
 PSOL  126     0.000
 PFLU  126     0.000
 FEXT  126     0.000
 FULL  126    46.005
 TSTEP 126     0.268
 IO    126     4.449
 INIT  126     0.000
 GIVE  127     0.115
 TAKE  127     0.235
 WAIT  127     1.381
 FSOL  127    35.071
 FFLU  127     0.000
 PSOL  127     0.000
 PFLU  127     0.000
 FEXT  127     0.000
 FULL  127    46.008
 TSTEP 127     0.278
 IO    127     2.668
 INIT  127     0.000
 GIVE  128     0.109
 TAKE  128     0.274
 WAIT  128     2.677
 FSOL  128    33.757
 FFLU  128     0.000
 PSOL  128     0.000
 PFLU  128     0.000
 FEXT  128     0.000
 FULL  128    46.006
 TSTEP 128     0.268
 IO    128     6.394
 INIT  128     0.000
 GIVE  129     0.145
 TAKE  129     0.380
 WAIT  129     2.581
 FSOL  129    33.715
 FFLU  129     0.000
 PSOL  129     0.000
 PFLU  129     0.000
 FEXT  129     0.000
 FULL  129    46.004
 TSTEP 129     0.263
 IO    129     6.621
 INIT  129     0.000
 GIVE  130     0.138
 TAKE  130     0.371
 WAIT  130     1.776
 FSOL  130    34.547
 FFLU  130     0.000
 PSOL  130     0.000
 PFLU  130     0.000
 FEXT  130     0.000
 FULL  130    46.004
 TSTEP 130     0.259
 IO    130     6.653
 INIT  130     0.000
 GIVE  131     0.164
 TAKE  131     0.532
 WAIT  131     2.553
 FSOL  131    33.637
 FFLU  131     0.000
 PSOL  131     0.000
 PFLU  131     0.000
 FEXT  131     0.000
 FULL  131    46.005
 TSTEP 131     0.247
 IO    131     4.824
 INIT  131     0.000
 GIVE  132     0.216
 TAKE  132     0.194
 WAIT  132     0.588
 FSOL  132    35.830
 FFLU  132     0.000
 PSOL  132     0.000
 PFLU  132     0.000
 FEXT  132     0.000
 FULL  132    46.008
 TSTEP 132     0.301
 IO    132     6.660
 INIT  132     0.000
 GIVE  133     0.177
 TAKE  133     0.268
 WAIT  133     0.666
 FSOL  133    35.777
 FFLU  133     0.000
 PSOL  133     0.000
 PFLU  133     0.000
 FEXT  133     0.000
 FULL  133    46.008
 TSTEP 133     0.222
 IO    133     4.948
 INIT  133     0.000
 GIVE  134     0.178
 TAKE  134     0.268
 WAIT  134     2.080
 FSOL  134    34.383
 FFLU  134     0.000
 PSOL  134     0.000
 PFLU  134     0.000
 FEXT  134     0.000
 FULL  134    46.006
 TSTEP 134     0.233
 IO    134     5.567
 INIT  134     0.000
 GIVE  135     0.175
 TAKE  135     0.279
 WAIT  135     1.401
 FSOL  135    35.054
 FFLU  135     0.000
 PSOL  135     0.000
 PFLU  135     0.000
 FEXT  135     0.000
 FULL  135    46.004
 TSTEP 135     0.240
 IO    135     2.630
 INIT  135     0.000
 GIVE  136     0.182
 TAKE  136     0.481
 WAIT  136     0.862
 FSOL  136    35.420
 FFLU  136     0.000
 PSOL  136     0.000
 PFLU  136     0.000
 FEXT  136     0.000
 FULL  136    46.009
 TSTEP 136     0.186
 IO    136     7.152
 INIT  136     0.000
 GIVE  137     0.178
 TAKE  137     0.416
 WAIT  137     2.138
 FSOL  137    34.198
 FFLU  137     0.000
 PSOL  137     0.000
 PFLU  137     0.000
 FEXT  137     0.000
 FULL  137    46.005
 TSTEP 137     0.194
 IO    137     1.286
 INIT  137     0.000
 GIVE  138     0.174
 TAKE  138     0.422
 WAIT  138     2.326
 FSOL  138    34.011
 FFLU  138     0.000
 PSOL  138     0.000
 PFLU  138     0.000
 FEXT  138     0.000
 FULL  138    46.008
 TSTEP 138     0.193
 IO    138     7.065
 INIT  138     0.000
 GIVE  139     0.168
 TAKE  139     0.323
 WAIT  139     1.000
 FSOL  139    35.462
 FFLU  139     0.000
 PSOL  139     0.000
 PFLU  139     0.000
 FEXT  139     0.000
 FULL  139    46.005
 TSTEP 139     0.195
 IO    139     5.099
 INIT  139     0.000
 GIVE  140     0.190
 TAKE  140     0.277
 WAIT  140     1.833
 FSOL  140    34.602
 FFLU  140     0.000
 PSOL  140     0.000
 PFLU  140     0.000
 FEXT  140     0.000
 FULL  140    46.011
 TSTEP 140     0.242
 IO    140     5.131
 INIT  140     0.000
 GIVE  141     0.155
 TAKE  141     0.357
 WAIT  141     1.809
 FSOL  141    34.617
 FFLU  141     0.000
 PSOL  141     0.000
 PFLU  141     0.000
 FEXT  141     0.000
 FULL  141    46.004
 TSTEP 141     0.195
 IO    141     7.004
 INIT  141     0.000
 GIVE  142     0.185
 TAKE  142     0.423
 WAIT  142     1.693
 FSOL  142    34.633
 FFLU  142     0.000
 PSOL  142     0.000
 PFLU  142     0.000
 FEXT  142     0.000
 FULL  142    46.005
 TSTEP 142     0.195
 IO    142     4.727
 INIT  142     0.000
 GIVE  143     0.218
 TAKE  143     0.350
 WAIT  143     1.927
 FSOL  143    34.397
 FFLU  143     0.000
 PSOL  143     0.000
 PFLU  143     0.000
 FEXT  143     0.000
 FULL  143    46.011
 TSTEP 143     0.231
 IO    143     6.211
 INIT  143     0.000
 GIVE  144     0.444
 TAKE  144     0.523
 WAIT  144     0.481
 FSOL  144    35.497
 FFLU  144     0.000
 PSOL  144     0.000
 PFLU  144     0.000
 FEXT  144     0.000
 FULL  144    46.018
 TSTEP 144     0.208
 IO    144     5.521
 INIT  144     0.000
 GIVE  145     0.390
 TAKE  145     0.514
 WAIT  145     0.533
 FSOL  145    35.490
 FFLU  145     0.000
 PSOL  145     0.000
 PFLU  145     0.000
 FEXT  145     0.000
 FULL  145    46.024
 TSTEP 145     0.225
 IO    145     1.242
 INIT  145     0.000
 GIVE  146     0.163
 TAKE  146     0.406
 WAIT  146     2.353
 FSOL  146    33.989
 FFLU  146     0.000
 PSOL  146     0.000
 PFLU  146     0.000
 FEXT  146     0.000
 FULL  146    46.014
 TSTEP 146     0.238
 IO    146     5.258
 INIT  146     0.000
 GIVE  147     0.432
 TAKE  147     0.563
 WAIT  147     0.672
 FSOL  147    35.276
 FFLU  147     0.000
 PSOL  147     0.000
 PFLU  147     0.000
 FEXT  147     0.000
 FULL  147    46.012
 TSTEP 147     0.208
 IO    147     5.093
 INIT  147     0.000
 GIVE  148     0.171
 TAKE  148     0.299
 WAIT  148     0.559
 FSOL  148    35.826
 FFLU  148     0.000
 PSOL  148     0.000
 PFLU  148     0.000
 FEXT  148     0.000
 FULL  148    46.012
 TSTEP 148     0.284
 IO    148     5.612
 INIT  148     0.000
 GIVE  149     0.132
 TAKE  149     0.140
 WAIT  149     0.925
 FSOL  149    35.616
 FFLU  149     0.000
 PSOL  149     0.000
 PFLU  149     0.000
 FEXT  149     0.000
 FULL  149    46.028
 TSTEP 149     0.320
 IO    149     4.652
 INIT  149     0.000
 GIVE  150     0.161
 TAKE  150     0.248
 WAIT  150     1.263
 FSOL  150    35.157
 FFLU  150     0.000
 PSOL  150     0.000
 PFLU  150     0.000
 FEXT  150     0.000
 FULL  150    46.015
 TSTEP 150     0.299
 IO    150     6.321
 INIT  150     0.000
 GIVE  151     0.202
 TAKE  151     0.360
 WAIT  151     1.439
 FSOL  151    34.856
 FFLU  151     0.000
 PSOL  151     0.000
 PFLU  151     0.000
 FEXT  151     0.000
 FULL  151    46.012
 TSTEP 151     0.273
 IO    151     6.128
 INIT  151     0.000
 GIVE  152     0.183
 TAKE  152     0.305
 WAIT  152     1.674
 FSOL  152    34.715
 FFLU  152     0.000
 PSOL  152     0.000
 PFLU  152     0.000
 FEXT  152     0.000
 FULL  152    46.011
 TSTEP 152     0.264
 IO    152     6.831
 INIT  152     0.000
 GIVE  153     0.208
 TAKE  153     0.448
 WAIT  153     0.451
 FSOL  153    35.767
 FFLU  153     0.000
 PSOL  153     0.000
 PFLU  153     0.000
 FEXT  153     0.000
 FULL  153    46.011
 TSTEP 153     0.274
 IO    153     4.973
 INIT  153     0.000
 GIVE  154     0.172
 TAKE  154     0.273
 WAIT  154     1.433
 FSOL  154    34.974
 FFLU  154     0.000
 PSOL  154     0.000
 PFLU  154     0.000
 FEXT  154     0.000
 FULL  154    46.011
 TSTEP 154     0.279
 IO    154     6.903
 INIT  154     0.000
 GIVE  155     0.108
 TAKE  155     0.114
 WAIT  155     1.752
 FSOL  155    34.826
 FFLU  155     0.000
 PSOL  155     0.000
 PFLU  155     0.000
 FEXT  155     0.000
 FULL  155    46.026
 TSTEP 155     0.330
 IO    155     5.111
 INIT  155     0.000
 GIVE  156     0.171
 TAKE  156     0.262
 WAIT  156     0.263
 FSOL  156    36.117
 FFLU  156     0.000
 PSOL  156     0.000
 PFLU  156     0.000
 FEXT  156     0.000
 FULL  156    46.011
 TSTEP 156     0.283
 IO    156     6.533
 INIT  156     0.000
 GIVE  157     0.110
 TAKE  157     0.153
 WAIT  157     2.170
 FSOL  157    34.318
 FFLU  157     0.000
 PSOL  157     0.000
 PFLU  157     0.000
 FEXT  157     0.000
 FULL  157    46.015
 TSTEP 157     0.341
 IO    157     5.109
 INIT  157     0.000
 GIVE  158     0.129
 TAKE  158     0.277
 WAIT  158     0.516
 FSOL  158    35.941
 FFLU  158     0.000
 PSOL  158     0.000
 PFLU  158     0.000
 FEXT  158     0.000
 FULL  158    46.014
 TSTEP 158     0.262
 IO    158     5.643
 INIT  158     0.000
 GIVE  159     0.177
 TAKE  159     0.423
 WAIT  159     1.926
 FSOL  159    34.329
 FFLU  159     0.000
 PSOL  159     0.000
 PFLU  159     0.000
 FEXT  159     0.000
 FULL  159    46.016
 TSTEP 159     0.269
 IO    159     6.059
 INIT  159     0.000
 GIVE  160     0.203
 TAKE  160     0.409
 WAIT  160     0.876
 FSOL  160    35.367
 FFLU  160     0.000
 PSOL  160     0.000
 PFLU  160     0.000
 FEXT  160     0.000
 FULL  160    46.011
 TSTEP 160     0.271
 IO    160     6.293
 INIT  160     0.000
 GIVE  161     0.123
 TAKE  161     0.196
 WAIT  161     1.128
 FSOL  161    35.395
 FFLU  161     0.000
 PSOL  161     0.000
 PFLU  161     0.000
 FEXT  161     0.000
 FULL  161    46.011
 TSTEP 161     0.282
 IO    161     6.159
 INIT  161     0.000
 GIVE  162     0.173
 TAKE  162     0.270
 WAIT  162     1.349
 FSOL  162    35.094
 FFLU  162     0.000
 PSOL  162     0.000
 PFLU  162     0.000
 FEXT  162     0.000
 FULL  162    46.012
 TSTEP 162     0.237
 IO    162     5.316
 INIT  162     0.000
 GIVE  163     0.183
 TAKE  163     0.414
 WAIT  163     1.751
 FSOL  163    34.553
 FFLU  163     0.000
 PSOL  163     0.000
 PFLU  163     0.000
 FEXT  163     0.000
 FULL  163    46.011
 TSTEP 163     0.225
 IO    163     5.044
 INIT  163     0.000
 GIVE  164     0.185
 TAKE  164     0.260
 WAIT  164     1.211
 FSOL  164    35.233
 FFLU  164     0.000
 PSOL  164     0.000
 PFLU  164     0.000
 FEXT  164     0.000
 FULL  164    46.017
 TSTEP 164     0.236
 IO    164     5.446
 INIT  164     0.000
 GIVE  165     0.192
 TAKE  165     0.471
 WAIT  165     1.043
 FSOL  165    35.200
 FFLU  165     0.000
 PSOL  165     0.000
 PFLU  165     0.000
 FEXT  165     0.000
 FULL  165    46.016
 TSTEP 165     0.221
 IO    165     6.076
 INIT  165     0.000
 GIVE  166     0.184
 TAKE  166     0.299
 WAIT  166     1.415
 FSOL  166    34.995
 FFLU  166     0.000
 PSOL  166     0.000
 PFLU  166     0.000
 FEXT  166     0.000
 FULL  166    46.012
 TSTEP 166     0.235
 IO    166     2.898
 INIT  166     0.000
 GIVE  167     0.212
 TAKE  167     0.417
 WAIT  167     0.521
 FSOL  167    35.763
 FFLU  167     0.000
 PSOL  167     0.000
 PFLU  167     0.000
 FEXT  167     0.000
 FULL  167    46.020
 TSTEP 167     0.219
 IO    167     5.832
 INIT  167     0.000
 GIVE  168     0.189
 TAKE  168     0.475
 WAIT  168     3.368
 FSOL  168    32.767
 FFLU  168     0.000
 PSOL  168     0.000
 PFLU  168     0.000
 FEXT  168     0.000
 FULL  168    46.028
 TSTEP 168     0.316
 IO    168     5.085
 INIT  168     0.000
 GIVE  169     0.174
 TAKE  169     0.469
 WAIT  169     3.589
 FSOL  169    32.565
 FFLU  169     0.000
 PSOL  169     0.000
 PFLU  169     0.000
 FEXT  169     0.000
 FULL  169    46.023
 TSTEP 169     0.323
 IO    169     2.040
 INIT  169     0.000
 GIVE  170     0.186
 TAKE  170     0.415
 WAIT  170     2.944
 FSOL  170    33.222
 FFLU  170     0.000
 PSOL  170     0.000
 PFLU  170     0.000
 FEXT  170     0.000
 FULL  170    46.020
 TSTEP 170     0.319
 IO    170     2.283
 INIT  170     0.000
 GIVE  171     0.171
 TAKE  171     0.307
 WAIT  171     2.251
 FSOL  171    33.999
 FFLU  171     0.000
 PSOL  171     0.000
 PFLU  171     0.000
 FEXT  171     0.000
 FULL  171    46.022
 TSTEP 171     0.391
 IO    171     5.556
 INIT  171     0.000
 GIVE  172     0.151
 TAKE  172     0.274
 WAIT  172     3.117
 FSOL  172    33.182
 FFLU  172     0.000
 PSOL  172     0.000
 PFLU  172     0.000
 FEXT  172     0.000
 FULL  172    46.020
 TSTEP 172     0.394
 IO    172     2.442
 INIT  172     0.000
 GIVE  173     0.172
 TAKE  173     0.308
 WAIT  173     3.169
 FSOL  173    33.073
 FFLU  173     0.000
 PSOL  173     0.000
 PFLU  173     0.000
 FEXT  173     0.000
 FULL  173    46.027
 TSTEP 173     0.397
 IO    173     5.900
 INIT  173     0.000
 GIVE  174     0.153
 TAKE  174     0.257
 WAIT  174     3.058
 FSOL  174    33.212
 FFLU  174     0.000
 PSOL  174     0.000
 PFLU  174     0.000
 FEXT  174     0.000
 FULL  174    46.027
 TSTEP 174     0.432
 IO    174     5.229
 INIT  174     0.000
 GIVE  175     0.104
 TAKE  175     0.135
 WAIT  175     1.535
 FSOL  175    34.712
 FFLU  175     0.000
 PSOL  175     0.000
 PFLU  175     0.000
 FEXT  175     0.000
 FULL  175    46.019
 TSTEP 175     0.571
 IO    175     5.212
 INIT  175     0.000
 GIVE  176     0.101
 TAKE  176     0.132
 WAIT  176     2.977
 FSOL  176    33.264
 FFLU  176     0.000
 PSOL  176     0.000
 PFLU  176     0.000
 FEXT  176     0.000
 FULL  176    46.022
 TSTEP 176     0.583
 IO    176     5.787
 INIT  176     0.000
 GIVE  177     0.161
 TAKE  177     0.235
 WAIT  177     1.446
 FSOL  177    34.656
 FFLU  177     0.000
 PSOL  177     0.000
 PFLU  177     0.000
 FEXT  177     0.000
 FULL  177    46.021
 TSTEP 177     0.562
 IO    177     2.283
 INIT  177     0.000
 GIVE  178     0.128
 TAKE  178     0.169
 WAIT  178     1.359
 FSOL  178    34.841
 FFLU  178     0.000
 PSOL  178     0.000
 PFLU  178     0.000
 FEXT  178     0.000
 FULL  178    46.027
 TSTEP 178     0.564
 IO    178     5.769
 INIT  178     0.000
 GIVE  179     0.189
 TAKE  179     0.321
 WAIT  179     1.133
 FSOL  179    35.059
 FFLU  179     0.000
 PSOL  179     0.000
 PFLU  179     0.000
 FEXT  179     0.000
 FULL  179    46.021
 TSTEP 179     0.411
 IO    179     5.746
 INIT  179     0.000
 GIVE  180     0.120
 TAKE  180     0.142
 WAIT  180     3.040
 FSOL  180    33.173
 FFLU  180     0.000
 PSOL  180     0.000
 PFLU  180     0.000
 FEXT  180     0.000
 FULL  180    46.020
 TSTEP 180     0.587
 IO    180     6.063
 INIT  180     0.000
 GIVE  181     0.173
 TAKE  181     0.272
 WAIT  181     2.968
 FSOL  181    33.248
 FFLU  181     0.000
 PSOL  181     0.000
 PFLU  181     0.000
 FEXT  181     0.000
 FULL  181    46.022
 TSTEP 181     0.445
 IO    181     4.588
 INIT  181     0.000
 GIVE  182     0.115
 TAKE  182     0.108
 WAIT  182     2.153
 FSOL  182    34.136
 FFLU  182     0.000
 PSOL  182     0.000
 PFLU  182     0.000
 FEXT  182     0.000
 FULL  182    46.020
 TSTEP 182     0.587
 IO    182     5.542
 INIT  182     0.000
 GIVE  183     0.189
 TAKE  183     0.275
 WAIT  183     2.729
 FSOL  183    33.323
 FFLU  183     0.000
 PSOL  183     0.000
 PFLU  183     0.000
 FEXT  183     0.000
 FULL  183    46.025
 TSTEP 183     0.584
 IO    183     1.182
 INIT  183     0.000
 GIVE  184     0.157
 TAKE  184     0.134
 WAIT  184     3.538
 FSOL  184    32.619
 FFLU  184     0.000
 PSOL  184     0.000
 PFLU  184     0.000
 FEXT  184     0.000
 FULL  184    46.026
 TSTEP 184     0.646
 IO    184     5.791
 INIT  184     0.000
 GIVE  185     0.207
 TAKE  185     0.464
 WAIT  185     2.972
 FSOL  185    33.115
 FFLU  185     0.000
 PSOL  185     0.000
 PFLU  185     0.000
 FEXT  185     0.000
 FULL  185    46.019
 TSTEP 185     0.359
 IO    185     5.507
 INIT  185     0.000
 GIVE  186     0.179
 TAKE  186     0.346
 WAIT  186     2.197
 FSOL  186    33.968
 FFLU  186     0.000
 PSOL  186     0.000
 PFLU  186     0.000
 FEXT  186     0.000
 FULL  186    46.020
 TSTEP 186     0.422
 IO    186     2.330
 INIT  186     0.000
 GIVE  187     0.202
 TAKE  187     0.471
 WAIT  187     2.400
 FSOL  187    33.690
 FFLU  187     0.000
 PSOL  187     0.000
 PFLU  187     0.000
 FEXT  187     0.000
 FULL  187    46.026
 TSTEP 187     0.356
 IO    187     5.165
 INIT  187     0.000
 GIVE  188     0.153
 TAKE  188     0.283
 WAIT  188     2.697
 FSOL  188    33.622
 FFLU  188     0.000
 PSOL  188     0.000
 PFLU  188     0.000
 FEXT  188     0.000
 FULL  188    46.018
 TSTEP 188     0.361
 IO    188     5.408
 INIT  188     0.000
 GIVE  189     0.299
 TAKE  189     0.480
 WAIT  189     2.012
 FSOL  189    34.025
 FFLU  189     0.000
 PSOL  189     0.000
 PFLU  189     0.000
 FEXT  189     0.000
 FULL  189    46.020
 TSTEP 189     0.298
 IO    189     5.536
 INIT  189     0.000
 GIVE  190     0.203
 TAKE  190     0.490
 WAIT  190     2.885
 FSOL  190    33.227
 FFLU  190     0.000
 PSOL  190     0.000
 PFLU  190     0.000
 FEXT  190     0.000
 FULL  190    46.026
 TSTEP 190     0.329
 IO    190     5.672
 INIT  190     0.000
 GIVE  191     0.183
 TAKE  191     0.518
 WAIT  191     3.358
 FSOL  191    32.744
 FFLU  191     0.000
 PSOL  191     0.000
 PFLU  191     0.000
 FEXT  191     0.000
 FULL  191    46.026
 TSTEP 191     0.332
 IO    191     5.839
 INIT  191     0.000
 GIVE  192     0.196
 TAKE  192     0.356
 WAIT  192     0.784
 FSOL  192    35.636
 FFLU  192     0.000
 PSOL  192     0.000
 PFLU  192     0.000
 FEXT  192     0.000
 FULL  192    46.008
 TSTEP 192     0.173
 IO    192     5.266
 INIT  192     0.000
 GIVE  193     0.210
 TAKE  193     0.530
 WAIT  193     0.920
 FSOL  193    35.312
 FFLU  193     0.000
 PSOL  193     0.000
 PFLU  193     0.000
 FEXT  193     0.000
 FULL  193    46.008
 TSTEP 193     0.154
 IO    193     6.813
 INIT  193     0.000
 GIVE  194     0.191
 TAKE  194     0.486
 WAIT  194     0.552
 FSOL  194    35.724
 FFLU  194     0.000
 PSOL  194     0.000
 PFLU  194     0.000
 FEXT  194     0.000
 FULL  194    46.006
 TSTEP 194     0.153
 IO    194     6.724
 INIT  194     0.000
 GIVE  195     0.174
 TAKE  195     0.253
 WAIT  195     1.622
 FSOL  195    34.878
 FFLU  195     0.000
 PSOL  195     0.000
 PFLU  195     0.000
 FEXT  195     0.000
 FULL  195    46.008
 TSTEP 195     0.193
 IO    195     6.046
 INIT  195     0.000
 GIVE  196     0.170
 TAKE  196     0.237
 WAIT  196     2.304
 FSOL  196    34.214
 FFLU  196     0.000
 PSOL  196     0.000
 PFLU  196     0.000
 FEXT  196     0.000
 FULL  196    46.006
 TSTEP 196     0.201
 IO    196     6.849
 INIT  196     0.000
 GIVE  197     0.186
 TAKE  197     0.422
 WAIT  197     0.843
 FSOL  197    35.526
 FFLU  197     0.000
 PSOL  197     0.000
 PFLU  197     0.000
 FEXT  197     0.000
 FULL  197    46.007
 TSTEP 197     0.155
 IO    197     6.609
 INIT  197     0.000
 GIVE  198     0.172
 TAKE  198     0.151
 WAIT  198     1.922
 FSOL  198    34.582
 FFLU  198     0.000
 PSOL  198     0.000
 PFLU  198     0.000
 FEXT  198     0.000
 FULL  198    46.006
 TSTEP 198     0.295
 IO    198     6.841
 INIT  198     0.000
 GIVE  199     0.169
 TAKE  199     0.266
 WAIT  199     0.966
 FSOL  199    35.545
 FFLU  199     0.000
 PSOL  199     0.000
 PFLU  199     0.000
 FEXT  199     0.000
 FULL  199    46.006
 TSTEP 199     0.188
 IO    199     5.281
 INIT  199     0.000
 GIVE  200     0.181
 TAKE  200     0.261
 WAIT  200     1.100
 FSOL  200    35.401
 FFLU  200     0.000
 PSOL  200     0.000
 PFLU  200     0.000
 FEXT  200     0.000
 FULL  200    46.006
 TSTEP 200     0.191
 IO    200     5.550
 INIT  200     0.000
 GIVE  201     0.169
 TAKE  201     0.152
 WAIT  201     1.204
 FSOL  201    35.316
 FFLU  201     0.000
 PSOL  201     0.000
 PFLU  201     0.000
 FEXT  201     0.000
 FULL  201    46.005
 TSTEP 201     0.278
 IO    201     4.566
 INIT  201     0.000
 GIVE  202     0.164
 TAKE  202     0.418
 WAIT  202     2.266
 FSOL  202    34.111
 FFLU  202     0.000
 PSOL  202     0.000
 PFLU  202     0.000
 FEXT  202     0.000
 FULL  202    46.008
 TSTEP 202     0.161
 IO    202     6.674
 INIT  202     0.000
 GIVE  203     0.225
 TAKE  203     0.641
 WAIT  203     2.044
 FSOL  203    34.044
 FFLU  203     0.000
 PSOL  203     0.000
 PFLU  203     0.000
 FEXT  203     0.000
 FULL  203    46.007
 TSTEP 203     0.155
 IO    203     4.634
 INIT  203     0.000
 GIVE  204     0.176
 TAKE  204     0.184
 WAIT  204     1.935
 FSOL  204    34.719
 FFLU  204     0.000
 PSOL  204     0.000
 PFLU  204     0.000
 FEXT  204     0.000
 FULL  204    46.005
 TSTEP 204     0.117
 IO    204     2.595
 INIT  204     0.000
 GIVE  205     0.190
 TAKE  205     0.348
 WAIT  205     0.417
 FSOL  205    36.114
 FFLU  205     0.000
 PSOL  205     0.000
 PFLU  205     0.000
 FEXT  205     0.000
 FULL  205    46.008
 TSTEP 205     0.089
 IO    205     6.719
 INIT  205     0.000
 GIVE  206     0.186
 TAKE  206     0.333
 WAIT  206     0.234
 FSOL  206    36.272
 FFLU  206     0.000
 PSOL  206     0.000
 PFLU  206     0.000
 FEXT  206     0.000
 FULL  206    46.008
 TSTEP 206     0.087
 IO    206     6.861
 INIT  206     0.000
 GIVE  207     0.213
 TAKE  207     0.470
 WAIT  207     0.242
 FSOL  207    36.142
 FFLU  207     0.000
 PSOL  207     0.000
 PFLU  207     0.000
 FEXT  207     0.000
 FULL  207    46.008
 TSTEP 207     0.084
 IO    207     2.590
 INIT  207     0.000
 GIVE  208     0.205
 TAKE  208     0.423
 WAIT  208     0.424
 FSOL  208    35.995
 FFLU  208     0.000
 PSOL  208     0.000
 PFLU  208     0.000
 FEXT  208     0.000
 FULL  208    46.006
 TSTEP 208     0.086
 IO    208     5.161
 INIT  208     0.000
 GIVE  209     0.154
 TAKE  209     0.208
 WAIT  209     0.428
 FSOL  209    36.221
 FFLU  209     0.000
 PSOL  209     0.000
 PFLU  209     0.000
 FEXT  209     0.000
 FULL  209    46.007
 TSTEP 209     0.095
 IO    209     5.337
 INIT  209     0.000
 GIVE  210     0.156
 TAKE  210     0.221
 WAIT  210     2.016
 FSOL  210    34.599
 FFLU  210     0.000
 PSOL  210     0.000
 PFLU  210     0.000
 FEXT  210     0.000
 FULL  210    46.007
 TSTEP 210     0.107
 IO    210     5.789
 INIT  210     0.000
 GIVE  211     0.178
 TAKE  211     0.284
 WAIT  211     1.449
 FSOL  211    35.101
 FFLU  211     0.000
 PSOL  211     0.000
 PFLU  211     0.000
 FEXT  211     0.000
 FULL  211    46.006
 TSTEP 211     0.096
 IO    211     7.089
 INIT  211     0.000
 GIVE  212     0.166
 TAKE  212     0.277
 WAIT  212     0.362
 FSOL  212    36.249
 FFLU  212     0.000
 PSOL  212     0.000
 PFLU  212     0.000
 FEXT  212     0.000
 FULL  212    46.007
 TSTEP 212     0.089
 IO    212     5.689
 INIT  212     0.000
 GIVE  213     0.173
 TAKE  213     0.306
 WAIT  213     0.280
 FSOL  213    36.253
 FFLU  213     0.000
 PSOL  213     0.000
 PFLU  213     0.000
 FEXT  213     0.000
 FULL  213    46.007
 TSTEP 213     0.087
 IO    213     2.968
 INIT  213     0.000
 GIVE  214     0.129
 TAKE  214     0.199
 WAIT  214     1.542
 FSOL  214    35.170
 FFLU  214     0.000
 PSOL  214     0.000
 PFLU  214     0.000
 FEXT  214     0.000
 FULL  214    46.007
 TSTEP 214     0.102
 IO    214     2.624
 INIT  214     0.000
 GIVE  215     0.186
 TAKE  215     0.403
 WAIT  215     0.234
 FSOL  215    36.236
 FFLU  215     0.000
 PSOL  215     0.000
 PFLU  215     0.000
 FEXT  215     0.000
 FULL  215    46.006
 TSTEP 215     0.085
 IO    215     1.278
 INIT  215     0.000
